        -:    0:Source:/usr/include/c++/11/variant
        -:    0:Graph:/home/kacper/Pulpit/zpr_eps/cmake-build-debug-coverage/tests/CMakeFiles/AlgorithmTest.dir/AlgorithmTest.cc.gcno
        -:    0:Data:/home/kacper/Pulpit/zpr_eps/cmake-build-debug-coverage/tests/CMakeFiles/AlgorithmTest.dir/AlgorithmTest.cc.gcda
        -:    0:Runs:1
        -:    1:// <variant> -*- C++ -*-
        -:    2:
        -:    3:// Copyright (C) 2016-2021 Free Software Foundation, Inc.
        -:    4://
        -:    5:// This file is part of the GNU ISO C++ Library.  This library is free
        -:    6:// software; you can redistribute it and/or modify it under the
        -:    7:// terms of the GNU General Public License as published by the
        -:    8:// Free Software Foundation; either version 3, or (at your option)
        -:    9:// any later version.
        -:   10:
        -:   11:// This library is distributed in the hope that it will be useful,
        -:   12:// but WITHOUT ANY WARRANTY; without even the implied warranty of
        -:   13:// MERCHANTABILITY or FITNESS FOR A PARTICULAR PURPOSE.  See the
        -:   14:// GNU General Public License for more details.
        -:   15:
        -:   16:// Under Section 7 of GPL version 3, you are granted additional
        -:   17:// permissions described in the GCC Runtime Library Exception, version
        -:   18:// 3.1, as published by the Free Software Foundation.
        -:   19:
        -:   20:// You should have received a copy of the GNU General Public License and
        -:   21:// a copy of the GCC Runtime Library Exception along with this program;
        -:   22:// see the files COPYING3 and COPYING.RUNTIME respectively.  If not, see
        -:   23:// <http://www.gnu.org/licenses/>.
        -:   24:
        -:   25:/** @file variant
        -:   26: *  This is the `<variant>` C++ Library header.
        -:   27: */
        -:   28:
        -:   29:#ifndef _GLIBCXX_VARIANT
        -:   30:#define _GLIBCXX_VARIANT 1
        -:   31:
        -:   32:#pragma GCC system_header
        -:   33:
        -:   34:#if __cplusplus >= 201703L
        -:   35:
        -:   36:#include <type_traits>
        -:   37:#include <utility>
        -:   38:#include <bits/enable_special_members.h>
        -:   39:#include <bits/functexcept.h>
        -:   40:#include <bits/move.h>
        -:   41:#include <bits/functional_hash.h>
        -:   42:#include <bits/invoke.h>
        -:   43:#include <ext/aligned_buffer.h>
        -:   44:#include <bits/parse_numbers.h>
        -:   45:#include <bits/stl_iterator_base_types.h>
        -:   46:#include <bits/stl_iterator_base_funcs.h>
        -:   47:#include <bits/stl_construct.h>
        -:   48:#if __cplusplus > 201703L
        -:   49:# include <compare>
        -:   50:#endif
        -:   51:
        -:   52:namespace std _GLIBCXX_VISIBILITY(default)
        -:   53:{
        -:   54:_GLIBCXX_BEGIN_NAMESPACE_VERSION
        -:   55:
        -:   56:namespace __detail
        -:   57:{
        -:   58:namespace __variant
        -:   59:{
        -:   60:  template<size_t _Np, typename... _Types>
        -:   61:    struct _Nth_type;
        -:   62:
        -:   63:  template<size_t _Np, typename _First, typename... _Rest>
        -:   64:    struct _Nth_type<_Np, _First, _Rest...>
        -:   65:    : _Nth_type<_Np-1, _Rest...> { };
        -:   66:
        -:   67:  template<typename _First, typename... _Rest>
        -:   68:    struct _Nth_type<0, _First, _Rest...>
        -:   69:    { using type = _First; };
        -:   70:
        -:   71:} // namespace __variant
        -:   72:} // namespace __detail
        -:   73:
        -:   74:#define __cpp_lib_variant 202102L
        -:   75:
        -:   76:  template<typename... _Types> class tuple;
        -:   77:  template<typename... _Types> class variant;
        -:   78:  template <typename> struct hash;
        -:   79:
        -:   80:  template<typename _Variant>
        -:   81:    struct variant_size;
        -:   82:
        -:   83:  template<typename _Variant>
        -:   84:    struct variant_size<const _Variant> : variant_size<_Variant> {};
        -:   85:
        -:   86:  template<typename _Variant>
        -:   87:    struct variant_size<volatile _Variant> : variant_size<_Variant> {};
        -:   88:
        -:   89:  template<typename _Variant>
        -:   90:    struct variant_size<const volatile _Variant> : variant_size<_Variant> {};
        -:   91:
        -:   92:  template<typename... _Types>
        -:   93:    struct variant_size<variant<_Types...>>
        -:   94:    : std::integral_constant<size_t, sizeof...(_Types)> {};
        -:   95:
        -:   96:  template<typename _Variant>
        -:   97:    inline constexpr size_t variant_size_v = variant_size<_Variant>::value;
        -:   98:
        -:   99:  template<size_t _Np, typename _Variant>
        -:  100:    struct variant_alternative;
        -:  101:
        -:  102:  template<size_t _Np, typename _First, typename... _Rest>
        -:  103:    struct variant_alternative<_Np, variant<_First, _Rest...>>
        -:  104:    : variant_alternative<_Np-1, variant<_Rest...>> {};
        -:  105:
        -:  106:  template<typename _First, typename... _Rest>
        -:  107:    struct variant_alternative<0, variant<_First, _Rest...>>
        -:  108:    { using type = _First; };
        -:  109:
        -:  110:  template<size_t _Np, typename _Variant>
        -:  111:    using variant_alternative_t =
        -:  112:      typename variant_alternative<_Np, _Variant>::type;
        -:  113:
        -:  114:  template<size_t _Np, typename _Variant>
        -:  115:    struct variant_alternative<_Np, const _Variant>
        -:  116:    { using type = add_const_t<variant_alternative_t<_Np, _Variant>>; };
        -:  117:
        -:  118:  template<size_t _Np, typename _Variant>
        -:  119:    struct variant_alternative<_Np, volatile _Variant>
        -:  120:    { using type = add_volatile_t<variant_alternative_t<_Np, _Variant>>; };
        -:  121:
        -:  122:  template<size_t _Np, typename _Variant>
        -:  123:    struct variant_alternative<_Np, const volatile _Variant>
        -:  124:    { using type = add_cv_t<variant_alternative_t<_Np, _Variant>>; };
        -:  125:
        -:  126:  inline constexpr size_t variant_npos = -1;
        -:  127:
        -:  128:  template<size_t _Np, typename... _Types>
        -:  129:    constexpr variant_alternative_t<_Np, variant<_Types...>>&
        -:  130:    get(variant<_Types...>&);
        -:  131:
        -:  132:  template<size_t _Np, typename... _Types>
        -:  133:    constexpr variant_alternative_t<_Np, variant<_Types...>>&&
        -:  134:    get(variant<_Types...>&&);
        -:  135:
        -:  136:  template<size_t _Np, typename... _Types>
        -:  137:    constexpr variant_alternative_t<_Np, variant<_Types...>> const&
        -:  138:    get(const variant<_Types...>&);
        -:  139:
        -:  140:  template<size_t _Np, typename... _Types>
        -:  141:    constexpr variant_alternative_t<_Np, variant<_Types...>> const&&
        -:  142:    get(const variant<_Types...>&&);
        -:  143:
        -:  144:  template<typename _Result_type, typename _Visitor, typename... _Variants>
        -:  145:    constexpr decltype(auto)
        -:  146:    __do_visit(_Visitor&& __visitor, _Variants&&... __variants);
        -:  147:
        -:  148:  template <typename... _Types, typename _Tp>
        -:  149:    decltype(auto)
      208:  150:    __variant_cast(_Tp&& __rhs)
        -:  151:    {
        -:  152:      if constexpr (is_lvalue_reference_v<_Tp>)
        -:  153:	{
        -:  154:	  if constexpr (is_const_v<remove_reference_t<_Tp>>)
       26:  155:	    return static_cast<const variant<_Types...>&>(__rhs);
        -:  156:	  else
      117:  157:	    return static_cast<variant<_Types...>&>(__rhs);
        -:  158:	}
        -:  159:      else
       65:  160:        return static_cast<variant<_Types...>&&>(__rhs);
        -:  161:    }
------------------
_ZSt14__variant_castIJ15LeftLineCommand16RightLineCommandENSt8__detail9__variant15_Move_ctor_baseILb0EJS0_S1_EEEEDcOT0_:
       19:  150:    __variant_cast(_Tp&& __rhs)
        -:  151:    {
        -:  152:      if constexpr (is_lvalue_reference_v<_Tp>)
        -:  153:	{
        -:  154:	  if constexpr (is_const_v<remove_reference_t<_Tp>>)
        -:  155:	    return static_cast<const variant<_Types...>&>(__rhs);
        -:  156:	  else
        -:  157:	    return static_cast<variant<_Types...>&>(__rhs);
        -:  158:	}
        -:  159:      else
       19:  160:        return static_cast<variant<_Types...>&&>(__rhs);
       19:  160-block  0
        -:  161:    }
------------------
_ZSt14__variant_castIJ12PointCommand11MoveCommandENSt8__detail9__variant15_Move_ctor_baseILb0EJS0_S1_EEEEDcOT0_:
       46:  150:    __variant_cast(_Tp&& __rhs)
        -:  151:    {
        -:  152:      if constexpr (is_lvalue_reference_v<_Tp>)
        -:  153:	{
        -:  154:	  if constexpr (is_const_v<remove_reference_t<_Tp>>)
        -:  155:	    return static_cast<const variant<_Types...>&>(__rhs);
        -:  156:	  else
        -:  157:	    return static_cast<variant<_Types...>&>(__rhs);
        -:  158:	}
        -:  159:      else
       46:  160:        return static_cast<variant<_Types...>&&>(__rhs);
       46:  160-block  0
        -:  161:    }
------------------
_ZSt14__variant_castIJ15LeftLineCommand16RightLineCommandERKNSt8__detail9__variant15_Copy_ctor_baseILb0EJS0_S1_EEEEDcOT0_:
        5:  150:    __variant_cast(_Tp&& __rhs)
        -:  151:    {
        -:  152:      if constexpr (is_lvalue_reference_v<_Tp>)
        -:  153:	{
        -:  154:	  if constexpr (is_const_v<remove_reference_t<_Tp>>)
        5:  155:	    return static_cast<const variant<_Types...>&>(__rhs);
        5:  155-block  0
        -:  156:	  else
        -:  157:	    return static_cast<variant<_Types...>&>(__rhs);
        -:  158:	}
        -:  159:      else
        -:  160:        return static_cast<variant<_Types...>&&>(__rhs);
        -:  161:    }
------------------
_ZSt14__variant_castIJ12PointCommand11MoveCommandERKNSt8__detail9__variant15_Copy_ctor_baseILb0EJS0_S1_EEEEDcOT0_:
        8:  150:    __variant_cast(_Tp&& __rhs)
        -:  151:    {
        -:  152:      if constexpr (is_lvalue_reference_v<_Tp>)
        -:  153:	{
        -:  154:	  if constexpr (is_const_v<remove_reference_t<_Tp>>)
        8:  155:	    return static_cast<const variant<_Types...>&>(__rhs);
        8:  155-block  0
        -:  156:	  else
        -:  157:	    return static_cast<variant<_Types...>&>(__rhs);
        -:  158:	}
        -:  159:      else
        -:  160:        return static_cast<variant<_Types...>&&>(__rhs);
        -:  161:    }
------------------
_ZSt14__variant_castIJ15LeftLineCommand16RightLineCommandERKNSt8__detail9__variant17_Copy_assign_baseILb0EJS0_S1_EEEEDcOT0_:
        2:  150:    __variant_cast(_Tp&& __rhs)
        -:  151:    {
        -:  152:      if constexpr (is_lvalue_reference_v<_Tp>)
        -:  153:	{
        -:  154:	  if constexpr (is_const_v<remove_reference_t<_Tp>>)
        2:  155:	    return static_cast<const variant<_Types...>&>(__rhs);
        2:  155-block  0
        -:  156:	  else
        -:  157:	    return static_cast<variant<_Types...>&>(__rhs);
        -:  158:	}
        -:  159:      else
        -:  160:        return static_cast<variant<_Types...>&&>(__rhs);
        -:  161:    }
------------------
_ZSt14__variant_castIJ15LeftLineCommand16RightLineCommandERNSt8__detail9__variant17_Move_assign_baseILb0EJS0_S1_EEEEDcOT0_:
        2:  150:    __variant_cast(_Tp&& __rhs)
        -:  151:    {
        -:  152:      if constexpr (is_lvalue_reference_v<_Tp>)
        -:  153:	{
        -:  154:	  if constexpr (is_const_v<remove_reference_t<_Tp>>)
        -:  155:	    return static_cast<const variant<_Types...>&>(__rhs);
        -:  156:	  else
        2:  157:	    return static_cast<variant<_Types...>&>(__rhs);
        2:  157-block  0
        -:  158:	}
        -:  159:      else
        -:  160:        return static_cast<variant<_Types...>&&>(__rhs);
        -:  161:    }
------------------
_ZSt14__variant_castIJ12PointCommand11MoveCommandERNSt8__detail9__variant17_Move_assign_baseILb0EJS0_S1_EEEEDcOT0_:
        2:  150:    __variant_cast(_Tp&& __rhs)
        -:  151:    {
        -:  152:      if constexpr (is_lvalue_reference_v<_Tp>)
        -:  153:	{
        -:  154:	  if constexpr (is_const_v<remove_reference_t<_Tp>>)
        -:  155:	    return static_cast<const variant<_Types...>&>(__rhs);
        -:  156:	  else
        2:  157:	    return static_cast<variant<_Types...>&>(__rhs);
        2:  157-block  0
        -:  158:	}
        -:  159:      else
        -:  160:        return static_cast<variant<_Types...>&&>(__rhs);
        -:  161:    }
------------------
_ZSt14__variant_castIJ12PointCommand11MoveCommandERKNSt8__detail9__variant17_Copy_assign_baseILb0EJS0_S1_EEEEDcOT0_:
       11:  150:    __variant_cast(_Tp&& __rhs)
        -:  151:    {
        -:  152:      if constexpr (is_lvalue_reference_v<_Tp>)
        -:  153:	{
        -:  154:	  if constexpr (is_const_v<remove_reference_t<_Tp>>)
       11:  155:	    return static_cast<const variant<_Types...>&>(__rhs);
       11:  155-block  0
        -:  156:	  else
        -:  157:	    return static_cast<variant<_Types...>&>(__rhs);
        -:  158:	}
        -:  159:      else
        -:  160:        return static_cast<variant<_Types...>&&>(__rhs);
        -:  161:    }
------------------
_ZSt14__variant_castIJ15LeftLineCommand16RightLineCommandERNSt8__detail9__variant16_Variant_storageILb0EJS0_S1_EEEEDcOT0_:
       36:  150:    __variant_cast(_Tp&& __rhs)
        -:  151:    {
        -:  152:      if constexpr (is_lvalue_reference_v<_Tp>)
        -:  153:	{
        -:  154:	  if constexpr (is_const_v<remove_reference_t<_Tp>>)
        -:  155:	    return static_cast<const variant<_Types...>&>(__rhs);
        -:  156:	  else
       36:  157:	    return static_cast<variant<_Types...>&>(__rhs);
       36:  157-block  0
        -:  158:	}
        -:  159:      else
        -:  160:        return static_cast<variant<_Types...>&&>(__rhs);
        -:  161:    }
------------------
_ZSt14__variant_castIJ12PointCommand11MoveCommandERNSt8__detail9__variant16_Variant_storageILb0EJS0_S1_EEEEDcOT0_:
       77:  150:    __variant_cast(_Tp&& __rhs)
        -:  151:    {
        -:  152:      if constexpr (is_lvalue_reference_v<_Tp>)
        -:  153:	{
        -:  154:	  if constexpr (is_const_v<remove_reference_t<_Tp>>)
        -:  155:	    return static_cast<const variant<_Types...>&>(__rhs);
        -:  156:	  else
       77:  157:	    return static_cast<variant<_Types...>&>(__rhs);
       77:  157-block  0
        -:  158:	}
        -:  159:      else
        -:  160:        return static_cast<variant<_Types...>&&>(__rhs);
        -:  161:    }
------------------
        -:  162:
        -:  163:namespace __detail
        -:  164:{
        -:  165:namespace __variant
        -:  166:{
        -:  167:  // Returns the first appearance of _Tp in _Types.
        -:  168:  // Returns sizeof...(_Types) if _Tp is not in _Types.
        -:  169:  template<typename _Tp, typename... _Types>
        -:  170:    struct __index_of : std::integral_constant<size_t, 0> {};
        -:  171:
        -:  172:  template<typename _Tp, typename... _Types>
        -:  173:    inline constexpr size_t __index_of_v = __index_of<_Tp, _Types...>::value;
        -:  174:
        -:  175:  template<typename _Tp, typename _First, typename... _Rest>
        -:  176:    struct __index_of<_Tp, _First, _Rest...> :
        -:  177:      std::integral_constant<size_t, is_same_v<_Tp, _First>
        -:  178:	? 0 : __index_of_v<_Tp, _Rest...> + 1> {};
        -:  179:
        -:  180:  // used for raw visitation
        -:  181:  struct __variant_cookie {};
        -:  182:  // used for raw visitation with indices passed in
        -:  183:  struct __variant_idx_cookie { using type = __variant_idx_cookie; };
        -:  184:  // Used to enable deduction (and same-type checking) for std::visit:
        -:  185:  template<typename _Tp> struct __deduce_visit_result { using type = _Tp; };
        -:  186:
        -:  187:  // Visit variants that might be valueless.
        -:  188:  template<typename _Visitor, typename... _Variants>
        -:  189:    constexpr void
       78:  190:    __raw_visit(_Visitor&& __visitor, _Variants&&... __variants)
        -:  191:    {
       78:  192:      std::__do_visit<__variant_cookie>(std::forward<_Visitor>(__visitor),
        -:  193:				        std::forward<_Variants>(__variants)...);
       78:  194:    }
------------------
_ZNSt8__detail9__variant11__raw_visitIZNS0_19__variant_constructIJ15LeftLineCommand16RightLineCommandERNS0_15_Move_ctor_baseILb0EJS3_S4_EEES6_EEvOT0_OT1_EUlOT_E_JSt7variantIJS3_S4_EEEEEvSD_DpOT0_:
       19:  190:    __raw_visit(_Visitor&& __visitor, _Variants&&... __variants)
        -:  191:    {
       19:  192:      std::__do_visit<__variant_cookie>(std::forward<_Visitor>(__visitor),
       19:  192-block  0
        -:  193:				        std::forward<_Variants>(__variants)...);
       19:  194:    }
------------------
_ZNSt8__detail9__variant11__raw_visitIZNS0_19__variant_constructIJ12PointCommand11MoveCommandERNS0_15_Move_ctor_baseILb0EJS3_S4_EEES6_EEvOT0_OT1_EUlOT_E_JSt7variantIJS3_S4_EEEEEvSD_DpOT0_:
       46:  190:    __raw_visit(_Visitor&& __visitor, _Variants&&... __variants)
        -:  191:    {
       46:  192:      std::__do_visit<__variant_cookie>(std::forward<_Visitor>(__visitor),
       46:  192-block  0
        -:  193:				        std::forward<_Variants>(__variants)...);
       46:  194:    }
------------------
_ZNSt8__detail9__variant11__raw_visitIZNS0_19__variant_constructIJ15LeftLineCommand16RightLineCommandERNS0_15_Copy_ctor_baseILb0EJS3_S4_EEERKS6_EEvOT0_OT1_EUlOT_E_JRKSt7variantIJS3_S4_EEEEEvSF_DpOT0_:
        5:  190:    __raw_visit(_Visitor&& __visitor, _Variants&&... __variants)
        -:  191:    {
        5:  192:      std::__do_visit<__variant_cookie>(std::forward<_Visitor>(__visitor),
        5:  192-block  0
        -:  193:				        std::forward<_Variants>(__variants)...);
        5:  194:    }
------------------
_ZNSt8__detail9__variant11__raw_visitIZNS0_19__variant_constructIJ12PointCommand11MoveCommandERNS0_15_Copy_ctor_baseILb0EJS3_S4_EEERKS6_EEvOT0_OT1_EUlOT_E_JRKSt7variantIJS3_S4_EEEEEvSF_DpOT0_:
        8:  190:    __raw_visit(_Visitor&& __visitor, _Variants&&... __variants)
        -:  191:    {
        8:  192:      std::__do_visit<__variant_cookie>(std::forward<_Visitor>(__visitor),
        8:  192-block  0
        -:  193:				        std::forward<_Variants>(__variants)...);
        8:  194:    }
------------------
        -:  195:
        -:  196:  // Visit variants that might be valueless, passing indices to the visitor.
        -:  197:  template<typename _Visitor, typename... _Variants>
        -:  198:    constexpr void
       25:  199:    __raw_idx_visit(_Visitor&& __visitor, _Variants&&... __variants)
        -:  200:    {
       25:  201:      std::__do_visit<__variant_idx_cookie>(std::forward<_Visitor>(__visitor),
        -:  202:	  std::forward<_Variants>(__variants)...);
       25:  203:    }
------------------
_ZNSt8__detail9__variant15__raw_idx_visitIZNSt7variantIJ12PointCommand11MoveCommandEE4swapERS5_EUlOT_T0_E_JS6_EEEvS8_DpOT0_:
        8:  199:    __raw_idx_visit(_Visitor&& __visitor, _Variants&&... __variants)
        -:  200:    {
        8:  201:      std::__do_visit<__variant_idx_cookie>(std::forward<_Visitor>(__visitor),
        8:  201-block  0
        -:  202:	  std::forward<_Variants>(__variants)...);
        8:  203:    }
------------------
_ZNSt8__detail9__variant15__raw_idx_visitIZNS0_17_Copy_assign_baseILb0EJ15LeftLineCommand16RightLineCommandEEaSERKS5_EUlOT_T0_E_JRKSt7variantIJS3_S4_EEEEEvS9_DpOT0_:
        2:  199:    __raw_idx_visit(_Visitor&& __visitor, _Variants&&... __variants)
        -:  200:    {
        2:  201:      std::__do_visit<__variant_idx_cookie>(std::forward<_Visitor>(__visitor),
        2:  201-block  0
        -:  202:	  std::forward<_Variants>(__variants)...);
        2:  203:    }
------------------
_ZNSt8__detail9__variant15__raw_idx_visitIZNS0_17_Move_assign_baseILb0EJ15LeftLineCommand16RightLineCommandEEaSEOS5_EUlOT_T0_E_JRSt7variantIJS3_S4_EEEEEvS8_DpOT0_:
        2:  199:    __raw_idx_visit(_Visitor&& __visitor, _Variants&&... __variants)
        -:  200:    {
        2:  201:      std::__do_visit<__variant_idx_cookie>(std::forward<_Visitor>(__visitor),
        2:  201-block  0
        -:  202:	  std::forward<_Variants>(__variants)...);
        2:  203:    }
------------------
_ZNSt8__detail9__variant15__raw_idx_visitIZNS0_17_Move_assign_baseILb0EJ12PointCommand11MoveCommandEEaSEOS5_EUlOT_T0_E_JRSt7variantIJS3_S4_EEEEEvS8_DpOT0_:
        2:  199:    __raw_idx_visit(_Visitor&& __visitor, _Variants&&... __variants)
        -:  200:    {
        2:  201:      std::__do_visit<__variant_idx_cookie>(std::forward<_Visitor>(__visitor),
        2:  201-block  0
        -:  202:	  std::forward<_Variants>(__variants)...);
        2:  203:    }
------------------
_ZNSt8__detail9__variant15__raw_idx_visitIZNS0_17_Copy_assign_baseILb0EJ12PointCommand11MoveCommandEEaSERKS5_EUlOT_T0_E_JRKSt7variantIJS3_S4_EEEEEvS9_DpOT0_:
       11:  199:    __raw_idx_visit(_Visitor&& __visitor, _Variants&&... __variants)
        -:  200:    {
       11:  201:      std::__do_visit<__variant_idx_cookie>(std::forward<_Visitor>(__visitor),
       11:  201-block  0
        -:  202:	  std::forward<_Variants>(__variants)...);
       11:  203:    }
------------------
        -:  204:
        -:  205:  // The __as function templates implement the exposition-only "as-variant"
        -:  206:
        -:  207:  template<typename... _Types>
        -:  208:    constexpr std::variant<_Types...>&
      154:  209:    __as(std::variant<_Types...>& __v) noexcept
      154:  210:    { return __v; }
------------------
_ZNSt8__detail9__variant4__asIJ15LeftLineCommand16RightLineCommandEEERSt7variantIJDpT_EES8_:
       17:  209:    __as(std::variant<_Types...>& __v) noexcept
       17:  210:    { return __v; }
       17:  210-block  0
------------------
_ZNSt8__detail9__variant4__asIJ12PointCommand11MoveCommandEEERSt7variantIJDpT_EES8_:
      137:  209:    __as(std::variant<_Types...>& __v) noexcept
      137:  210:    { return __v; }
      137:  210-block  0
------------------
        -:  211:
        -:  212:  template<typename... _Types>
        -:  213:    constexpr const std::variant<_Types...>&
       26:  214:    __as(const std::variant<_Types...>& __v) noexcept
       26:  215:    { return __v; }
------------------
_ZNSt8__detail9__variant4__asIJ15LeftLineCommand16RightLineCommandEEERKSt7variantIJDpT_EES9_:
       12:  214:    __as(const std::variant<_Types...>& __v) noexcept
       12:  215:    { return __v; }
       12:  215-block  0
------------------
_ZNSt8__detail9__variant4__asIJ12PointCommand11MoveCommandEEERKSt7variantIJDpT_EES9_:
       14:  214:    __as(const std::variant<_Types...>& __v) noexcept
       14:  215:    { return __v; }
       14:  215-block  0
------------------
        -:  216:
        -:  217:  template<typename... _Types>
        -:  218:    constexpr std::variant<_Types...>&&
        -:  219:    __as(std::variant<_Types...>&& __v) noexcept
        -:  220:    { return std::move(__v); }
        -:  221:
        -:  222:  template<typename... _Types>
        -:  223:    constexpr const std::variant<_Types...>&&
        -:  224:    __as(const std::variant<_Types...>&& __v) noexcept
        -:  225:    { return std::move(__v); }
        -:  226:
        -:  227:  // _Uninitialized<T> is guaranteed to be a trivially destructible type,
        -:  228:  // even if T is not.
        -:  229:  template<typename _Type, bool = std::is_trivially_destructible_v<_Type>>
        -:  230:    struct _Uninitialized;
        -:  231:
        -:  232:  template<typename _Type>
        -:  233:    struct _Uninitialized<_Type, true>
        -:  234:    {
        -:  235:      template<typename... _Args>
        -:  236:	constexpr
        -:  237:	_Uninitialized(in_place_index_t<0>, _Args&&... __args)
        -:  238:	: _M_storage(std::forward<_Args>(__args)...)
        -:  239:	{ }
        -:  240:
        -:  241:      constexpr const _Type& _M_get() const & noexcept
        -:  242:      { return _M_storage; }
        -:  243:
        -:  244:      constexpr _Type& _M_get() & noexcept
        -:  245:      { return _M_storage; }
        -:  246:
        -:  247:      constexpr const _Type&& _M_get() const && noexcept
        -:  248:      { return std::move(_M_storage); }
        -:  249:
        -:  250:      constexpr _Type&& _M_get() && noexcept
        -:  251:      { return std::move(_M_storage); }
        -:  252:
        -:  253:      _Type _M_storage;
        -:  254:    };
        -:  255:
        -:  256:  template<typename _Type>
        -:  257:    struct _Uninitialized<_Type, false>
        -:  258:    {
        -:  259:      template<typename... _Args>
        -:  260:	constexpr
       31:  261:	_Uninitialized(in_place_index_t<0>, _Args&&... __args)
        -:  262:	{
       31:  263:	  ::new ((void*)std::addressof(_M_storage))
       31:  264:	    _Type(std::forward<_Args>(__args)...);
       31:  265:	}
------------------
_ZNSt8__detail9__variant14_UninitializedI16RightLineCommandLb0EEC2IJS2_EEESt16in_place_index_tILm0EEDpOT_:
        4:  261:	_Uninitialized(in_place_index_t<0>, _Args&&... __args)
        -:  262:	{
        4:  263:	  ::new ((void*)std::addressof(_M_storage))
        4:  264:	    _Type(std::forward<_Args>(__args)...);
        4:  264-block  0
        4:  265:	}
------------------
_ZNSt8__detail9__variant14_UninitializedI15LeftLineCommandLb0EEC2IJS2_EEESt16in_place_index_tILm0EEDpOT_:
        6:  261:	_Uninitialized(in_place_index_t<0>, _Args&&... __args)
        -:  262:	{
        6:  263:	  ::new ((void*)std::addressof(_M_storage))
        6:  264:	    _Type(std::forward<_Args>(__args)...);
        6:  264-block  0
        6:  265:	}
------------------
_ZNSt8__detail9__variant14_UninitializedI11MoveCommandLb0EEC2IJS2_EEESt16in_place_index_tILm0EEDpOT_:
        1:  261:	_Uninitialized(in_place_index_t<0>, _Args&&... __args)
        -:  262:	{
        1:  263:	  ::new ((void*)std::addressof(_M_storage))
        1:  264:	    _Type(std::forward<_Args>(__args)...);
        1:  264-block  0
        1:  265:	}
------------------
_ZNSt8__detail9__variant14_UninitializedI12PointCommandLb0EEC2IJS2_EEESt16in_place_index_tILm0EEDpOT_:
       20:  261:	_Uninitialized(in_place_index_t<0>, _Args&&... __args)
        -:  262:	{
       20:  263:	  ::new ((void*)std::addressof(_M_storage))
       20:  264:	    _Type(std::forward<_Args>(__args)...);
       20:  264-block  0
       20:  265:	}
------------------
        -:  266:
      39*:  267:      const _Type& _M_get() const & noexcept
      39*:  268:      { return *_M_storage._M_ptr(); }
------------------
_ZNKRSt8__detail9__variant14_UninitializedI16RightLineCommandLb0EE6_M_getEv:
        5:  267:      const _Type& _M_get() const & noexcept
        5:  268:      { return *_M_storage._M_ptr(); }
        5:  268-block  0
------------------
_ZNKRSt8__detail9__variant14_UninitializedI15LeftLineCommandLb0EE6_M_getEv:
        8:  267:      const _Type& _M_get() const & noexcept
        8:  268:      { return *_M_storage._M_ptr(); }
        8:  268-block  0
------------------
_ZNKRSt8__detail9__variant14_UninitializedI11MoveCommandLb0EE6_M_getEv:
    #####:  267:      const _Type& _M_get() const & noexcept
    #####:  268:      { return *_M_storage._M_ptr(); }
    %%%%%:  268-block  0
------------------
_ZNKRSt8__detail9__variant14_UninitializedI12PointCommandLb0EE6_M_getEv:
       26:  267:      const _Type& _M_get() const & noexcept
       26:  268:      { return *_M_storage._M_ptr(); }
       26:  268-block  0
------------------
        -:  269:
      244:  270:      _Type& _M_get() & noexcept
      244:  271:      { return *_M_storage._M_ptr(); }
------------------
_ZNRSt8__detail9__variant14_UninitializedI16RightLineCommandLb0EE6_M_getEv:
       21:  270:      _Type& _M_get() & noexcept
       21:  271:      { return *_M_storage._M_ptr(); }
       21:  271-block  0
------------------
_ZNRSt8__detail9__variant14_UninitializedI15LeftLineCommandLb0EE6_M_getEv:
       33:  270:      _Type& _M_get() & noexcept
       33:  271:      { return *_M_storage._M_ptr(); }
       33:  271-block  0
------------------
_ZNRSt8__detail9__variant14_UninitializedI11MoveCommandLb0EE6_M_getEv:
        4:  270:      _Type& _M_get() & noexcept
        4:  271:      { return *_M_storage._M_ptr(); }
        4:  271-block  0
------------------
_ZNRSt8__detail9__variant14_UninitializedI12PointCommandLb0EE6_M_getEv:
      186:  270:      _Type& _M_get() & noexcept
      186:  271:      { return *_M_storage._M_ptr(); }
      186:  271-block  0
------------------
        -:  272:
        -:  273:      const _Type&& _M_get() const && noexcept
        -:  274:      { return std::move(*_M_storage._M_ptr()); }
        -:  275:
       65:  276:      _Type&& _M_get() && noexcept
       65:  277:      { return std::move(*_M_storage._M_ptr()); }
------------------
_ZNOSt8__detail9__variant14_UninitializedI16RightLineCommandLb0EE6_M_getEv:
        7:  276:      _Type&& _M_get() && noexcept
        7:  277:      { return std::move(*_M_storage._M_ptr()); }
        7:  277-block  0
------------------
_ZNOSt8__detail9__variant14_UninitializedI15LeftLineCommandLb0EE6_M_getEv:
       12:  276:      _Type&& _M_get() && noexcept
       12:  277:      { return std::move(*_M_storage._M_ptr()); }
       12:  277-block  0
------------------
_ZNOSt8__detail9__variant14_UninitializedI11MoveCommandLb0EE6_M_getEv:
        1:  276:      _Type&& _M_get() && noexcept
        1:  277:      { return std::move(*_M_storage._M_ptr()); }
        1:  277-block  0
------------------
_ZNOSt8__detail9__variant14_UninitializedI12PointCommandLb0EE6_M_getEv:
       45:  276:      _Type&& _M_get() && noexcept
       45:  277:      { return std::move(*_M_storage._M_ptr()); }
       45:  277-block  0
------------------
        -:  278:
        -:  279:      __gnu_cxx::__aligned_membuf<_Type> _M_storage;
        -:  280:    };
        -:  281:
        -:  282:  template<typename _Union>
        -:  283:    constexpr decltype(auto)
     348*:  284:    __get(in_place_index_t<0>, _Union&& __u) noexcept
     348*:  285:    { return std::forward<_Union>(__u)._M_first._M_get(); }
------------------
_ZNSt8__detail9__variant5__getINS0_15_Variadic_unionIJ16RightLineCommandEEEEEDcSt16in_place_index_tILm0EEOT_:
        7:  284:    __get(in_place_index_t<0>, _Union&& __u) noexcept
        7:  285:    { return std::forward<_Union>(__u)._M_first._M_get(); }
        7:  285-block  0
------------------
_ZNSt8__detail9__variant5__getINS0_15_Variadic_unionIJ15LeftLineCommand16RightLineCommandEEEEEDcSt16in_place_index_tILm0EEOT_:
       12:  284:    __get(in_place_index_t<0>, _Union&& __u) noexcept
       12:  285:    { return std::forward<_Union>(__u)._M_first._M_get(); }
       12:  285-block  0
------------------
_ZNSt8__detail9__variant5__getINS0_15_Variadic_unionIJ11MoveCommandEEEEEDcSt16in_place_index_tILm0EEOT_:
        1:  284:    __get(in_place_index_t<0>, _Union&& __u) noexcept
        1:  285:    { return std::forward<_Union>(__u)._M_first._M_get(); }
        1:  285-block  0
------------------
_ZNSt8__detail9__variant5__getINS0_15_Variadic_unionIJ12PointCommand11MoveCommandEEEEEDcSt16in_place_index_tILm0EEOT_:
       45:  284:    __get(in_place_index_t<0>, _Union&& __u) noexcept
       45:  285:    { return std::forward<_Union>(__u)._M_first._M_get(); }
       45:  285-block  0
------------------
_ZNSt8__detail9__variant5__getIRKNS0_15_Variadic_unionIJ16RightLineCommandEEEEEDcSt16in_place_index_tILm0EEOT_:
        5:  284:    __get(in_place_index_t<0>, _Union&& __u) noexcept
        5:  285:    { return std::forward<_Union>(__u)._M_first._M_get(); }
        5:  285-block  0
------------------
_ZNSt8__detail9__variant5__getIRKNS0_15_Variadic_unionIJ15LeftLineCommand16RightLineCommandEEEEEDcSt16in_place_index_tILm0EEOT_:
        8:  284:    __get(in_place_index_t<0>, _Union&& __u) noexcept
        8:  285:    { return std::forward<_Union>(__u)._M_first._M_get(); }
        8:  285-block  0
------------------
_ZNSt8__detail9__variant5__getIRKNS0_15_Variadic_unionIJ11MoveCommandEEEEEDcSt16in_place_index_tILm0EEOT_:
    #####:  284:    __get(in_place_index_t<0>, _Union&& __u) noexcept
    #####:  285:    { return std::forward<_Union>(__u)._M_first._M_get(); }
    %%%%%:  285-block  0
------------------
_ZNSt8__detail9__variant5__getIRKNS0_15_Variadic_unionIJ12PointCommand11MoveCommandEEEEEDcSt16in_place_index_tILm0EEOT_:
       26:  284:    __get(in_place_index_t<0>, _Union&& __u) noexcept
       26:  285:    { return std::forward<_Union>(__u)._M_first._M_get(); }
       26:  285-block  0
------------------
_ZNSt8__detail9__variant5__getIRNS0_15_Variadic_unionIJ16RightLineCommandEEEEEDcSt16in_place_index_tILm0EEOT_:
       21:  284:    __get(in_place_index_t<0>, _Union&& __u) noexcept
       21:  285:    { return std::forward<_Union>(__u)._M_first._M_get(); }
       21:  285-block  0
------------------
_ZNSt8__detail9__variant5__getIRNS0_15_Variadic_unionIJ15LeftLineCommand16RightLineCommandEEEEEDcSt16in_place_index_tILm0EEOT_:
       33:  284:    __get(in_place_index_t<0>, _Union&& __u) noexcept
       33:  285:    { return std::forward<_Union>(__u)._M_first._M_get(); }
       33:  285-block  0
------------------
_ZNSt8__detail9__variant5__getIRNS0_15_Variadic_unionIJ11MoveCommandEEEEEDcSt16in_place_index_tILm0EEOT_:
        4:  284:    __get(in_place_index_t<0>, _Union&& __u) noexcept
        4:  285:    { return std::forward<_Union>(__u)._M_first._M_get(); }
        4:  285-block  0
------------------
_ZNSt8__detail9__variant5__getIRNS0_15_Variadic_unionIJ12PointCommand11MoveCommandEEEEEDcSt16in_place_index_tILm0EEOT_:
      186:  284:    __get(in_place_index_t<0>, _Union&& __u) noexcept
      186:  285:    { return std::forward<_Union>(__u)._M_first._M_get(); }
      186:  285-block  0
------------------
        -:  286:
        -:  287:  template<size_t _Np, typename _Union>
        -:  288:    constexpr decltype(auto)
      38*:  289:    __get(in_place_index_t<_Np>, _Union&& __u) noexcept
        -:  290:    {
      38*:  291:      return __variant::__get(in_place_index<_Np-1>,
      38*:  292:			      std::forward<_Union>(__u)._M_rest);
        -:  293:    }
------------------
_ZNSt8__detail9__variant5__getILm1ENS0_15_Variadic_unionIJ15LeftLineCommand16RightLineCommandEEEEEDcSt16in_place_index_tIXT_EEOT0_:
        7:  289:    __get(in_place_index_t<_Np>, _Union&& __u) noexcept
        -:  290:    {
        7:  291:      return __variant::__get(in_place_index<_Np-1>,
        7:  292:			      std::forward<_Union>(__u)._M_rest);
        7:  292-block  0
        -:  293:    }
------------------
_ZNSt8__detail9__variant5__getILm1ENS0_15_Variadic_unionIJ12PointCommand11MoveCommandEEEEEDcSt16in_place_index_tIXT_EEOT0_:
        1:  289:    __get(in_place_index_t<_Np>, _Union&& __u) noexcept
        -:  290:    {
        1:  291:      return __variant::__get(in_place_index<_Np-1>,
        1:  292:			      std::forward<_Union>(__u)._M_rest);
        1:  292-block  0
        -:  293:    }
------------------
_ZNSt8__detail9__variant5__getILm1ERKNS0_15_Variadic_unionIJ15LeftLineCommand16RightLineCommandEEEEEDcSt16in_place_index_tIXT_EEOT0_:
        5:  289:    __get(in_place_index_t<_Np>, _Union&& __u) noexcept
        -:  290:    {
        5:  291:      return __variant::__get(in_place_index<_Np-1>,
        5:  292:			      std::forward<_Union>(__u)._M_rest);
        5:  292-block  0
        -:  293:    }
------------------
_ZNSt8__detail9__variant5__getILm1ERKNS0_15_Variadic_unionIJ12PointCommand11MoveCommandEEEEEDcSt16in_place_index_tIXT_EEOT0_:
    #####:  289:    __get(in_place_index_t<_Np>, _Union&& __u) noexcept
        -:  290:    {
    #####:  291:      return __variant::__get(in_place_index<_Np-1>,
    #####:  292:			      std::forward<_Union>(__u)._M_rest);
    %%%%%:  292-block  0
        -:  293:    }
------------------
_ZNSt8__detail9__variant5__getILm1ERNS0_15_Variadic_unionIJ15LeftLineCommand16RightLineCommandEEEEEDcSt16in_place_index_tIXT_EEOT0_:
       21:  289:    __get(in_place_index_t<_Np>, _Union&& __u) noexcept
        -:  290:    {
       21:  291:      return __variant::__get(in_place_index<_Np-1>,
       21:  292:			      std::forward<_Union>(__u)._M_rest);
       21:  292-block  0
        -:  293:    }
------------------
_ZNSt8__detail9__variant5__getILm1ERNS0_15_Variadic_unionIJ12PointCommand11MoveCommandEEEEEDcSt16in_place_index_tIXT_EEOT0_:
        4:  289:    __get(in_place_index_t<_Np>, _Union&& __u) noexcept
        -:  290:    {
        4:  291:      return __variant::__get(in_place_index<_Np-1>,
        4:  292:			      std::forward<_Union>(__u)._M_rest);
        4:  292-block  0
        -:  293:    }
------------------
        -:  294:
        -:  295:  // Returns the typed storage for __v.
        -:  296:  template<size_t _Np, typename _Variant>
        -:  297:    constexpr decltype(auto)
     348*:  298:    __get(_Variant&& __v) noexcept
        -:  299:    {
     348*:  300:      return __variant::__get(std::in_place_index<_Np>,
     348*:  301:			      std::forward<_Variant>(__v)._M_u);
        -:  302:    }
------------------
_ZNSt8__detail9__variant5__getILm1ERNS0_17_Copy_assign_baseILb0EJ12PointCommand11MoveCommandEEEEEDcOT0_:
    #####:  298:    __get(_Variant&& __v) noexcept
        -:  299:    {
    #####:  300:      return __variant::__get(std::in_place_index<_Np>,
    #####:  301:			      std::forward<_Variant>(__v)._M_u);
    %%%%%:  301-block  0
        -:  302:    }
------------------
_ZNSt8__detail9__variant5__getILm0ERSt7variantIJ12PointCommand11MoveCommandEEEEDcOT0_:
      173:  298:    __get(_Variant&& __v) noexcept
        -:  299:    {
      173:  300:      return __variant::__get(std::in_place_index<_Np>,
      173:  301:			      std::forward<_Variant>(__v)._M_u);
      173:  301-block  0
        -:  302:    }
------------------
_ZNSt8__detail9__variant5__getILm1ERSt7variantIJ12PointCommand11MoveCommandEEEEDcOT0_:
        4:  298:    __get(_Variant&& __v) noexcept
        -:  299:    {
        4:  300:      return __variant::__get(std::in_place_index<_Np>,
        4:  301:			      std::forward<_Variant>(__v)._M_u);
        4:  301-block  0
        -:  302:    }
------------------
_ZNSt8__detail9__variant5__getILm0ERSt7variantIJ15LeftLineCommand16RightLineCommandEEEEDcOT0_:
       32:  298:    __get(_Variant&& __v) noexcept
        -:  299:    {
       32:  300:      return __variant::__get(std::in_place_index<_Np>,
       32:  301:			      std::forward<_Variant>(__v)._M_u);
       32:  301-block  0
        -:  302:    }
------------------
_ZNSt8__detail9__variant5__getILm1ERSt7variantIJ15LeftLineCommand16RightLineCommandEEEEDcOT0_:
       20:  298:    __get(_Variant&& __v) noexcept
        -:  299:    {
       20:  300:      return __variant::__get(std::in_place_index<_Np>,
       20:  301:			      std::forward<_Variant>(__v)._M_u);
       20:  301-block  0
        -:  302:    }
------------------
_ZNSt8__detail9__variant5__getILm0ERKSt7variantIJ12PointCommand11MoveCommandEEEEDcOT0_:
       26:  298:    __get(_Variant&& __v) noexcept
        -:  299:    {
       26:  300:      return __variant::__get(std::in_place_index<_Np>,
       26:  301:			      std::forward<_Variant>(__v)._M_u);
       26:  301-block  0
        -:  302:    }
------------------
_ZNSt8__detail9__variant5__getILm1ERKSt7variantIJ12PointCommand11MoveCommandEEEEDcOT0_:
    #####:  298:    __get(_Variant&& __v) noexcept
        -:  299:    {
    #####:  300:      return __variant::__get(std::in_place_index<_Np>,
    #####:  301:			      std::forward<_Variant>(__v)._M_u);
    %%%%%:  301-block  0
        -:  302:    }
------------------
_ZNSt8__detail9__variant5__getILm0ERKSt7variantIJ15LeftLineCommand16RightLineCommandEEEEDcOT0_:
        8:  298:    __get(_Variant&& __v) noexcept
        -:  299:    {
        8:  300:      return __variant::__get(std::in_place_index<_Np>,
        8:  301:			      std::forward<_Variant>(__v)._M_u);
        8:  301-block  0
        -:  302:    }
------------------
_ZNSt8__detail9__variant5__getILm1ERKSt7variantIJ15LeftLineCommand16RightLineCommandEEEEDcOT0_:
        5:  298:    __get(_Variant&& __v) noexcept
        -:  299:    {
        5:  300:      return __variant::__get(std::in_place_index<_Np>,
        5:  301:			      std::forward<_Variant>(__v)._M_u);
        5:  301-block  0
        -:  302:    }
------------------
_ZNSt8__detail9__variant5__getILm0ERNS0_17_Copy_assign_baseILb0EJ12PointCommand11MoveCommandEEEEEDcOT0_:
       11:  298:    __get(_Variant&& __v) noexcept
        -:  299:    {
       11:  300:      return __variant::__get(std::in_place_index<_Np>,
       11:  301:			      std::forward<_Variant>(__v)._M_u);
       11:  301-block  0
        -:  302:    }
------------------
_ZNSt8__detail9__variant5__getILm1ESt7variantIJ15LeftLineCommand16RightLineCommandEEEEDcOT0_:
        7:  298:    __get(_Variant&& __v) noexcept
        -:  299:    {
        7:  300:      return __variant::__get(std::in_place_index<_Np>,
        7:  301:			      std::forward<_Variant>(__v)._M_u);
        7:  301-block  0
        -:  302:    }
------------------
_ZNSt8__detail9__variant5__getILm0ERNS0_17_Move_assign_baseILb0EJ12PointCommand11MoveCommandEEEEEDcOT0_:
        2:  298:    __get(_Variant&& __v) noexcept
        -:  299:    {
        2:  300:      return __variant::__get(std::in_place_index<_Np>,
        2:  301:			      std::forward<_Variant>(__v)._M_u);
        2:  301-block  0
        -:  302:    }
------------------
_ZNSt8__detail9__variant5__getILm1ERNS0_17_Move_assign_baseILb0EJ12PointCommand11MoveCommandEEEEEDcOT0_:
    #####:  298:    __get(_Variant&& __v) noexcept
        -:  299:    {
    #####:  300:      return __variant::__get(std::in_place_index<_Np>,
    #####:  301:			      std::forward<_Variant>(__v)._M_u);
    %%%%%:  301-block  0
        -:  302:    }
------------------
_ZNSt8__detail9__variant5__getILm0ERNS0_17_Move_assign_baseILb0EJ15LeftLineCommand16RightLineCommandEEEEEDcOT0_:
        1:  298:    __get(_Variant&& __v) noexcept
        -:  299:    {
        1:  300:      return __variant::__get(std::in_place_index<_Np>,
        1:  301:			      std::forward<_Variant>(__v)._M_u);
        1:  301-block  0
        -:  302:    }
------------------
_ZNSt8__detail9__variant5__getILm1ERNS0_17_Move_assign_baseILb0EJ15LeftLineCommand16RightLineCommandEEEEEDcOT0_:
        1:  298:    __get(_Variant&& __v) noexcept
        -:  299:    {
        1:  300:      return __variant::__get(std::in_place_index<_Np>,
        1:  301:			      std::forward<_Variant>(__v)._M_u);
        1:  301-block  0
        -:  302:    }
------------------
_ZNSt8__detail9__variant5__getILm0ERNS0_17_Copy_assign_baseILb0EJ15LeftLineCommand16RightLineCommandEEEEEDcOT0_:
    #####:  298:    __get(_Variant&& __v) noexcept
        -:  299:    {
    #####:  300:      return __variant::__get(std::in_place_index<_Np>,
    #####:  301:			      std::forward<_Variant>(__v)._M_u);
    %%%%%:  301-block  0
        -:  302:    }
------------------
_ZNSt8__detail9__variant5__getILm1ERNS0_17_Copy_assign_baseILb0EJ15LeftLineCommand16RightLineCommandEEEEEDcOT0_:
    #####:  298:    __get(_Variant&& __v) noexcept
        -:  299:    {
    #####:  300:      return __variant::__get(std::in_place_index<_Np>,
    #####:  301:			      std::forward<_Variant>(__v)._M_u);
    %%%%%:  301-block  0
        -:  302:    }
------------------
_ZNSt8__detail9__variant5__getILm0ESt7variantIJ12PointCommand11MoveCommandEEEEDcOT0_:
       45:  298:    __get(_Variant&& __v) noexcept
        -:  299:    {
       45:  300:      return __variant::__get(std::in_place_index<_Np>,
       45:  301:			      std::forward<_Variant>(__v)._M_u);
       45:  301-block  0
        -:  302:    }
------------------
_ZNSt8__detail9__variant5__getILm1ESt7variantIJ12PointCommand11MoveCommandEEEEDcOT0_:
        1:  298:    __get(_Variant&& __v) noexcept
        -:  299:    {
        1:  300:      return __variant::__get(std::in_place_index<_Np>,
        1:  301:			      std::forward<_Variant>(__v)._M_u);
        1:  301-block  0
        -:  302:    }
------------------
_ZNSt8__detail9__variant5__getILm0ESt7variantIJ15LeftLineCommand16RightLineCommandEEEEDcOT0_:
       12:  298:    __get(_Variant&& __v) noexcept
        -:  299:    {
       12:  300:      return __variant::__get(std::in_place_index<_Np>,
       12:  301:			      std::forward<_Variant>(__v)._M_u);
       12:  301-block  0
        -:  302:    }
------------------
        -:  303:
        -:  304:  template<typename... _Types>
        -:  305:    struct _Traits
        -:  306:    {
        -:  307:      static constexpr bool _S_default_ctor =
        -:  308:	  is_default_constructible_v<typename _Nth_type<0, _Types...>::type>;
        -:  309:      static constexpr bool _S_copy_ctor =
        -:  310:	  (is_copy_constructible_v<_Types> && ...);
        -:  311:      static constexpr bool _S_move_ctor =
        -:  312:	  (is_move_constructible_v<_Types> && ...);
        -:  313:      static constexpr bool _S_copy_assign =
        -:  314:	  _S_copy_ctor
        -:  315:	  && (is_copy_assignable_v<_Types> && ...);
        -:  316:      static constexpr bool _S_move_assign =
        -:  317:	  _S_move_ctor
        -:  318:	  && (is_move_assignable_v<_Types> && ...);
        -:  319:
        -:  320:      static constexpr bool _S_trivial_dtor =
        -:  321:	  (is_trivially_destructible_v<_Types> && ...);
        -:  322:      static constexpr bool _S_trivial_copy_ctor =
        -:  323:	  (is_trivially_copy_constructible_v<_Types> && ...);
        -:  324:      static constexpr bool _S_trivial_move_ctor =
        -:  325:	  (is_trivially_move_constructible_v<_Types> && ...);
        -:  326:      static constexpr bool _S_trivial_copy_assign =
        -:  327:	  _S_trivial_dtor && _S_trivial_copy_ctor
        -:  328:	  && (is_trivially_copy_assignable_v<_Types> && ...);
        -:  329:      static constexpr bool _S_trivial_move_assign =
        -:  330:	  _S_trivial_dtor && _S_trivial_move_ctor
        -:  331:	  && (is_trivially_move_assignable_v<_Types> && ...);
        -:  332:
        -:  333:      // The following nothrow traits are for non-trivial SMFs. Trivial SMFs
        -:  334:      // are always nothrow.
        -:  335:      static constexpr bool _S_nothrow_default_ctor =
        -:  336:	  is_nothrow_default_constructible_v<
        -:  337:	      typename _Nth_type<0, _Types...>::type>;
        -:  338:      static constexpr bool _S_nothrow_copy_ctor = false;
        -:  339:      static constexpr bool _S_nothrow_move_ctor =
        -:  340:	  (is_nothrow_move_constructible_v<_Types> && ...);
        -:  341:      static constexpr bool _S_nothrow_copy_assign = false;
        -:  342:      static constexpr bool _S_nothrow_move_assign =
        -:  343:	  _S_nothrow_move_ctor
        -:  344:	  && (is_nothrow_move_assignable_v<_Types> && ...);
        -:  345:    };
        -:  346:
        -:  347:  // Defines members and ctors.
        -:  348:  template<typename... _Types>
        -:  349:    union _Variadic_union { };
        -:  350:
        -:  351:  template<typename _First, typename... _Rest>
        -:  352:    union _Variadic_union<_First, _Rest...>
        -:  353:    {
      156:  354:      constexpr _Variadic_union() : _M_rest() { }
------------------
_ZNSt8__detail9__variant15_Variadic_unionIJ16RightLineCommandEEC2Ev:
       24:  354:      constexpr _Variadic_union() : _M_rest() { }
------------------
_ZNSt8__detail9__variant15_Variadic_unionIJ11MoveCommandEEC2Ev:
       54:  354:      constexpr _Variadic_union() : _M_rest() { }
------------------
_ZNSt8__detail9__variant15_Variadic_unionIJ15LeftLineCommand16RightLineCommandEEC2Ev:
       24:  354:      constexpr _Variadic_union() : _M_rest() { }
       24:  354-block  0
------------------
_ZNSt8__detail9__variant15_Variadic_unionIJ12PointCommand11MoveCommandEEC2Ev:
       54:  354:      constexpr _Variadic_union() : _M_rest() { }
       54:  354-block  0
------------------
        -:  355:
        -:  356:      template<typename... _Args>
       31:  357:	constexpr _Variadic_union(in_place_index_t<0>, _Args&&... __args)
       31:  358:	: _M_first(in_place_index<0>, std::forward<_Args>(__args)...)
       31:  359:	{ }
------------------
_ZNSt8__detail9__variant15_Variadic_unionIJ16RightLineCommandEEC2IJS2_EEESt16in_place_index_tILm0EEDpOT_:
        4:  357:	constexpr _Variadic_union(in_place_index_t<0>, _Args&&... __args)
        4:  358:	: _M_first(in_place_index<0>, std::forward<_Args>(__args)...)
        4:  358-block  0
        4:  359:	{ }
------------------
_ZNSt8__detail9__variant15_Variadic_unionIJ15LeftLineCommand16RightLineCommandEEC2IJS2_EEESt16in_place_index_tILm0EEDpOT_:
        6:  357:	constexpr _Variadic_union(in_place_index_t<0>, _Args&&... __args)
        6:  358:	: _M_first(in_place_index<0>, std::forward<_Args>(__args)...)
        6:  358-block  0
        6:  359:	{ }
------------------
_ZNSt8__detail9__variant15_Variadic_unionIJ11MoveCommandEEC2IJS2_EEESt16in_place_index_tILm0EEDpOT_:
        1:  357:	constexpr _Variadic_union(in_place_index_t<0>, _Args&&... __args)
        1:  358:	: _M_first(in_place_index<0>, std::forward<_Args>(__args)...)
        1:  358-block  0
        1:  359:	{ }
------------------
_ZNSt8__detail9__variant15_Variadic_unionIJ12PointCommand11MoveCommandEEC2IJS2_EEESt16in_place_index_tILm0EEDpOT_:
       20:  357:	constexpr _Variadic_union(in_place_index_t<0>, _Args&&... __args)
       20:  358:	: _M_first(in_place_index<0>, std::forward<_Args>(__args)...)
       20:  358-block  0
       20:  359:	{ }
------------------
        -:  360:
        -:  361:      template<size_t _Np, typename... _Args>
        5:  362:	constexpr _Variadic_union(in_place_index_t<_Np>, _Args&&... __args)
        5:  363:	: _M_rest(in_place_index<_Np-1>, std::forward<_Args>(__args)...)
        5:  364:	{ }
------------------
_ZNSt8__detail9__variant15_Variadic_unionIJ15LeftLineCommand16RightLineCommandEEC2ILm1EJS3_EEESt16in_place_index_tIXT_EEDpOT0_:
        4:  362:	constexpr _Variadic_union(in_place_index_t<_Np>, _Args&&... __args)
        4:  363:	: _M_rest(in_place_index<_Np-1>, std::forward<_Args>(__args)...)
        4:  363-block  0
        4:  364:	{ }
------------------
_ZNSt8__detail9__variant15_Variadic_unionIJ12PointCommand11MoveCommandEEC2ILm1EJS3_EEESt16in_place_index_tIXT_EEDpOT0_:
        1:  362:	constexpr _Variadic_union(in_place_index_t<_Np>, _Args&&... __args)
        1:  363:	: _M_rest(in_place_index<_Np-1>, std::forward<_Args>(__args)...)
        1:  363-block  0
        1:  364:	{ }
------------------
        -:  365:
        -:  366:      _Uninitialized<_First> _M_first;
        -:  367:      _Variadic_union<_Rest...> _M_rest;
        -:  368:    };
        -:  369:
        -:  370:  // _Never_valueless_alt is true for variant alternatives that can
        -:  371:  // always be placed in a variant without it becoming valueless.
        -:  372:
        -:  373:  // For suitably-small, trivially copyable types we can create temporaries
        -:  374:  // on the stack and then memcpy them into place.
        -:  375:  template<typename _Tp>
        -:  376:    struct _Never_valueless_alt
        -:  377:    : __and_<bool_constant<sizeof(_Tp) <= 256>, is_trivially_copyable<_Tp>>
        -:  378:    { };
        -:  379:
        -:  380:  // Specialize _Never_valueless_alt for other types which have a
        -:  381:  // non-throwing and cheap move construction and move assignment operator,
        -:  382:  // so that emplacing the type will provide the strong exception-safety
        -:  383:  // guarantee, by creating and moving a temporary.
        -:  384:  // Whether _Never_valueless_alt<T> is true or not affects the ABI of a
        -:  385:  // variant using that alternative, so we can't change the value later!
        -:  386:
        -:  387:  // True if every alternative in _Types... can be emplaced in a variant
        -:  388:  // without it becoming valueless. If this is true, variant<_Types...>
        -:  389:  // can never be valueless, which enables some minor optimizations.
        -:  390:  template <typename... _Types>
        -:  391:    constexpr bool __never_valueless()
        -:  392:    {
        -:  393:      return _Traits<_Types...>::_S_move_assign
        -:  394:	&& (_Never_valueless_alt<_Types>::value && ...);
        -:  395:    }
        -:  396:
        -:  397:  // Defines index and the dtor, possibly trivial.
        -:  398:  template<bool __trivially_destructible, typename... _Types>
        -:  399:    struct _Variant_storage;
        -:  400:
        -:  401:  template <typename... _Types>
        -:  402:    using __select_index =
        -:  403:      typename __select_int::_Select_int_base<sizeof...(_Types),
        -:  404:					      unsigned char,
        -:  405:					      unsigned short>::type::value_type;
        -:  406:
        -:  407:  template<typename... _Types>
        -:  408:    struct _Variant_storage<false, _Types...>
        -:  409:    {
        -:  410:      constexpr
       78:  411:      _Variant_storage()
       78:  412:      : _M_index(static_cast<__index_type>(variant_npos))
       78:  413:      { }
------------------
_ZNSt8__detail9__variant16_Variant_storageILb0EJ15LeftLineCommand16RightLineCommandEEC2Ev:
       24:  411:      _Variant_storage()
       24:  412:      : _M_index(static_cast<__index_type>(variant_npos))
       24:  412-block  0
       24:  413:      { }
------------------
_ZNSt8__detail9__variant16_Variant_storageILb0EJ12PointCommand11MoveCommandEEC2Ev:
       54:  411:      _Variant_storage()
       54:  412:      : _M_index(static_cast<__index_type>(variant_npos))
       54:  412-block  0
       54:  413:      { }
------------------
        -:  414:
        -:  415:      template<size_t _Np, typename... _Args>
        -:  416:	constexpr
       31:  417:	_Variant_storage(in_place_index_t<_Np>, _Args&&... __args)
       31:  418:	: _M_u(in_place_index<_Np>, std::forward<_Args>(__args)...),
       31:  419:	_M_index{_Np}
       31:  420:	{ }
------------------
_ZNSt8__detail9__variant16_Variant_storageILb0EJ15LeftLineCommand16RightLineCommandEEC2ILm1EJS3_EEESt16in_place_index_tIXT_EEDpOT0_:
        4:  417:	_Variant_storage(in_place_index_t<_Np>, _Args&&... __args)
        4:  418:	: _M_u(in_place_index<_Np>, std::forward<_Args>(__args)...),
        4:  418-block  0
        4:  419:	_M_index{_Np}
        4:  420:	{ }
------------------
_ZNSt8__detail9__variant16_Variant_storageILb0EJ15LeftLineCommand16RightLineCommandEEC2ILm0EJS2_EEESt16in_place_index_tIXT_EEDpOT0_:
        6:  417:	_Variant_storage(in_place_index_t<_Np>, _Args&&... __args)
        6:  418:	: _M_u(in_place_index<_Np>, std::forward<_Args>(__args)...),
        6:  418-block  0
        6:  419:	_M_index{_Np}
        6:  420:	{ }
------------------
_ZNSt8__detail9__variant16_Variant_storageILb0EJ12PointCommand11MoveCommandEEC2ILm1EJS3_EEESt16in_place_index_tIXT_EEDpOT0_:
        1:  417:	_Variant_storage(in_place_index_t<_Np>, _Args&&... __args)
        1:  418:	: _M_u(in_place_index<_Np>, std::forward<_Args>(__args)...),
        1:  418-block  0
        1:  419:	_M_index{_Np}
        1:  420:	{ }
------------------
_ZNSt8__detail9__variant16_Variant_storageILb0EJ12PointCommand11MoveCommandEEC2ILm0EJS2_EEESt16in_place_index_tIXT_EEDpOT0_:
       20:  417:	_Variant_storage(in_place_index_t<_Np>, _Args&&... __args)
       20:  418:	: _M_u(in_place_index<_Np>, std::forward<_Args>(__args)...),
       20:  418-block  0
       20:  419:	_M_index{_Np}
       20:  420:	{ }
------------------
        -:  421:
      113:  422:      void _M_reset()
        -:  423:      {
     113*:  424:	if (!_M_valid()) [[unlikely]]
    #####:  425:	  return;
        -:  426:
      339:  427:	std::__do_visit<void>([](auto&& __this_mem) mutable
        -:  428:	  {
      113:  429:	    std::_Destroy(std::__addressof(__this_mem));
       13:  429-block  0
       23:  429-block  1
        2:  429-block  2
       75:  429-block  3
        -:  430:	  }, __variant_cast<_Types...>(*this));
        -:  431:
      113:  432:	_M_index = static_cast<__index_type>(variant_npos);
        -:  433:      }
------------------
_ZNSt8__detail9__variant16_Variant_storageILb0EJ15LeftLineCommand16RightLineCommandEE8_M_resetEv:
       36:  422:      void _M_reset()
        -:  423:      {
      36*:  424:	if (!_M_valid()) [[unlikely]]
       36:  424-block  0
    #####:  425:	  return;
    %%%%%:  425-block  0
        -:  426:
       36:  427:	std::__do_visit<void>([](auto&& __this_mem) mutable
       36:  427-block  0
        -:  428:	  {
        -:  429:	    std::_Destroy(std::__addressof(__this_mem));
        -:  430:	  }, __variant_cast<_Types...>(*this));
        -:  431:
       36:  432:	_M_index = static_cast<__index_type>(variant_npos);
       36:  432-block  0
        -:  433:      }
------------------
_ZNSt8__detail9__variant16_Variant_storageILb0EJ12PointCommand11MoveCommandEE8_M_resetEv:
       77:  422:      void _M_reset()
        -:  423:      {
      77*:  424:	if (!_M_valid()) [[unlikely]]
       77:  424-block  0
    #####:  425:	  return;
    %%%%%:  425-block  0
        -:  426:
       77:  427:	std::__do_visit<void>([](auto&& __this_mem) mutable
       77:  427-block  0
        -:  428:	  {
        -:  429:	    std::_Destroy(std::__addressof(__this_mem));
        -:  430:	  }, __variant_cast<_Types...>(*this));
        -:  431:
       77:  432:	_M_index = static_cast<__index_type>(variant_npos);
       77:  432-block  0
        -:  433:      }
------------------
        -:  434:
      111:  435:      ~_Variant_storage()
      111:  436:      { _M_reset(); }
------------------
_ZNSt8__detail9__variant16_Variant_storageILb0EJ15LeftLineCommand16RightLineCommandEED2Ev:
       34:  435:      ~_Variant_storage()
       34:  436:      { _M_reset(); }
       34:  436-block  0
------------------
_ZNSt8__detail9__variant16_Variant_storageILb0EJ12PointCommand11MoveCommandEED2Ev:
       77:  435:      ~_Variant_storage()
       77:  436:      { _M_reset(); }
       77:  436-block  0
------------------
        -:  437:
        -:  438:      void*
        -:  439:      _M_storage() const noexcept
        -:  440:      {
        -:  441:	return const_cast<void*>(static_cast<const void*>(
        -:  442:	    std::addressof(_M_u)));
        -:  443:      }
        -:  444:
        -:  445:      constexpr bool
      219:  446:      _M_valid() const noexcept
        -:  447:      {
        -:  448:	if constexpr (__variant::__never_valueless<_Types...>())
        -:  449:	  return true;
      219:  450:	return this->_M_index != __index_type(variant_npos);
        -:  451:      }
------------------
_ZNKSt8__detail9__variant16_Variant_storageILb0EJ15LeftLineCommand16RightLineCommandEE8_M_validEv:
       53:  446:      _M_valid() const noexcept
        -:  447:      {
        -:  448:	if constexpr (__variant::__never_valueless<_Types...>())
        -:  449:	  return true;
       53:  450:	return this->_M_index != __index_type(variant_npos);
       53:  450-block  0
        -:  451:      }
------------------
_ZNKSt8__detail9__variant16_Variant_storageILb0EJ12PointCommand11MoveCommandEE8_M_validEv:
      166:  446:      _M_valid() const noexcept
        -:  447:      {
        -:  448:	if constexpr (__variant::__never_valueless<_Types...>())
        -:  449:	  return true;
      166:  450:	return this->_M_index != __index_type(variant_npos);
      166:  450-block  0
        -:  451:      }
------------------
        -:  452:
        -:  453:      _Variadic_union<_Types...> _M_u;
        -:  454:      using __index_type = __select_index<_Types...>;
        -:  455:      __index_type _M_index;
        -:  456:    };
        -:  457:
        -:  458:  template<typename... _Types>
        -:  459:    struct _Variant_storage<true, _Types...>
        -:  460:    {
        -:  461:      constexpr
        -:  462:      _Variant_storage()
        -:  463:      : _M_index(static_cast<__index_type>(variant_npos))
        -:  464:      { }
        -:  465:
        -:  466:      template<size_t _Np, typename... _Args>
        -:  467:	constexpr
        -:  468:	_Variant_storage(in_place_index_t<_Np>, _Args&&... __args)
        -:  469:	: _M_u(in_place_index<_Np>, std::forward<_Args>(__args)...),
        -:  470:	_M_index{_Np}
        -:  471:	{ }
        -:  472:
        -:  473:      void _M_reset() noexcept
        -:  474:      { _M_index = static_cast<__index_type>(variant_npos); }
        -:  475:
        -:  476:      void*
        -:  477:      _M_storage() const noexcept
        -:  478:      {
        -:  479:	return const_cast<void*>(static_cast<const void*>(
        -:  480:	    std::addressof(_M_u)));
        -:  481:      }
        -:  482:
        -:  483:      constexpr bool
        -:  484:      _M_valid() const noexcept
        -:  485:      {
        -:  486:	if constexpr (__variant::__never_valueless<_Types...>())
        -:  487:	  return true;
        -:  488:	return this->_M_index != static_cast<__index_type>(variant_npos);
        -:  489:      }
        -:  490:
        -:  491:      _Variadic_union<_Types...> _M_u;
        -:  492:      using __index_type = __select_index<_Types...>;
        -:  493:      __index_type _M_index;
        -:  494:    };
        -:  495:
        -:  496:  template<typename... _Types>
        -:  497:    using _Variant_storage_alias =
        -:  498:	_Variant_storage<_Traits<_Types...>::_S_trivial_dtor, _Types...>;
        -:  499:
        -:  500:  template<typename _Tp, typename _Up>
      80*:  501:    void __variant_construct_single(_Tp&& __lhs, _Up&& __rhs_mem)
        -:  502:    {
      80*:  503:      void* __storage = std::addressof(__lhs._M_u);
        -:  504:      using _Type = remove_reference_t<decltype(__rhs_mem)>;
        -:  505:      if constexpr (!is_same_v<_Type, __variant_cookie>)
      80*:  506:        ::new (__storage)
      80*:  507:	  _Type(std::forward<decltype(__rhs_mem)>(__rhs_mem));
      80*:  508:    }
------------------
_ZNSt8__detail9__variant26__variant_construct_singleIRNS0_15_Move_ctor_baseILb0EJ15LeftLineCommand16RightLineCommandEEES4_EEvOT_OT0_:
        7:  501:    void __variant_construct_single(_Tp&& __lhs, _Up&& __rhs_mem)
        -:  502:    {
        7:  503:      void* __storage = std::addressof(__lhs._M_u);
        7:  503-block  0
        -:  504:      using _Type = remove_reference_t<decltype(__rhs_mem)>;
        -:  505:      if constexpr (!is_same_v<_Type, __variant_cookie>)
        7:  506:        ::new (__storage)
        7:  507:	  _Type(std::forward<decltype(__rhs_mem)>(__rhs_mem));
        7:  508:    }
------------------
_ZNSt8__detail9__variant26__variant_construct_singleIRNS0_15_Move_ctor_baseILb0EJ15LeftLineCommand16RightLineCommandEEENS0_16__variant_cookieEEEvOT_OT0_:
    #####:  501:    void __variant_construct_single(_Tp&& __lhs, _Up&& __rhs_mem)
        -:  502:    {
    #####:  503:      void* __storage = std::addressof(__lhs._M_u);
    %%%%%:  503-block  0
        -:  504:      using _Type = remove_reference_t<decltype(__rhs_mem)>;
        -:  505:      if constexpr (!is_same_v<_Type, __variant_cookie>)
        -:  506:        ::new (__storage)
        -:  507:	  _Type(std::forward<decltype(__rhs_mem)>(__rhs_mem));
    #####:  508:    }
------------------
_ZNSt8__detail9__variant26__variant_construct_singleIRNS0_15_Move_ctor_baseILb0EJ15LeftLineCommand16RightLineCommandEEES3_EEvOT_OT0_:
       12:  501:    void __variant_construct_single(_Tp&& __lhs, _Up&& __rhs_mem)
        -:  502:    {
       12:  503:      void* __storage = std::addressof(__lhs._M_u);
       12:  503-block  0
        -:  504:      using _Type = remove_reference_t<decltype(__rhs_mem)>;
        -:  505:      if constexpr (!is_same_v<_Type, __variant_cookie>)
       12:  506:        ::new (__storage)
       12:  507:	  _Type(std::forward<decltype(__rhs_mem)>(__rhs_mem));
       12:  508:    }
------------------
_ZNSt8__detail9__variant26__variant_construct_singleIRNS0_15_Move_ctor_baseILb0EJ12PointCommand11MoveCommandEEENS0_16__variant_cookieEEEvOT_OT0_:
    #####:  501:    void __variant_construct_single(_Tp&& __lhs, _Up&& __rhs_mem)
        -:  502:    {
    #####:  503:      void* __storage = std::addressof(__lhs._M_u);
    %%%%%:  503-block  0
        -:  504:      using _Type = remove_reference_t<decltype(__rhs_mem)>;
        -:  505:      if constexpr (!is_same_v<_Type, __variant_cookie>)
        -:  506:        ::new (__storage)
        -:  507:	  _Type(std::forward<decltype(__rhs_mem)>(__rhs_mem));
    #####:  508:    }
------------------
_ZNSt8__detail9__variant26__variant_construct_singleIRNS0_15_Move_ctor_baseILb0EJ12PointCommand11MoveCommandEEES4_EEvOT_OT0_:
        1:  501:    void __variant_construct_single(_Tp&& __lhs, _Up&& __rhs_mem)
        -:  502:    {
        1:  503:      void* __storage = std::addressof(__lhs._M_u);
        1:  503-block  0
        -:  504:      using _Type = remove_reference_t<decltype(__rhs_mem)>;
        -:  505:      if constexpr (!is_same_v<_Type, __variant_cookie>)
        1:  506:        ::new (__storage)
        1:  507:	  _Type(std::forward<decltype(__rhs_mem)>(__rhs_mem));
        1:  508:    }
------------------
_ZNSt8__detail9__variant26__variant_construct_singleIRNS0_15_Move_ctor_baseILb0EJ12PointCommand11MoveCommandEEES3_EEvOT_OT0_:
       45:  501:    void __variant_construct_single(_Tp&& __lhs, _Up&& __rhs_mem)
        -:  502:    {
       45:  503:      void* __storage = std::addressof(__lhs._M_u);
       45:  503-block  0
        -:  504:      using _Type = remove_reference_t<decltype(__rhs_mem)>;
        -:  505:      if constexpr (!is_same_v<_Type, __variant_cookie>)
       45:  506:        ::new (__storage)
       45:  507:	  _Type(std::forward<decltype(__rhs_mem)>(__rhs_mem));
       45:  508:    }
------------------
_ZNSt8__detail9__variant26__variant_construct_singleIRNS0_15_Move_ctor_baseILb0EJ15LeftLineCommand16RightLineCommandEEERKS4_EEvOT_OT0_:
        1:  501:    void __variant_construct_single(_Tp&& __lhs, _Up&& __rhs_mem)
        -:  502:    {
        1:  503:      void* __storage = std::addressof(__lhs._M_u);
        1:  503-block  0
        -:  504:      using _Type = remove_reference_t<decltype(__rhs_mem)>;
        -:  505:      if constexpr (!is_same_v<_Type, __variant_cookie>)
        1:  506:        ::new (__storage)
        1:  507:	  _Type(std::forward<decltype(__rhs_mem)>(__rhs_mem));
        1:  508:    }
------------------
_ZNSt8__detail9__variant26__variant_construct_singleIRNS0_15_Move_ctor_baseILb0EJ15LeftLineCommand16RightLineCommandEEERKS3_EEvOT_OT0_:
        1:  501:    void __variant_construct_single(_Tp&& __lhs, _Up&& __rhs_mem)
        -:  502:    {
        1:  503:      void* __storage = std::addressof(__lhs._M_u);
        1:  503-block  0
        -:  504:      using _Type = remove_reference_t<decltype(__rhs_mem)>;
        -:  505:      if constexpr (!is_same_v<_Type, __variant_cookie>)
        1:  506:        ::new (__storage)
        1:  507:	  _Type(std::forward<decltype(__rhs_mem)>(__rhs_mem));
        1:  508:    }
------------------
_ZNSt8__detail9__variant26__variant_construct_singleIRNS0_15_Copy_ctor_baseILb0EJ15LeftLineCommand16RightLineCommandEEERKS4_EEvOT_OT0_:
        1:  501:    void __variant_construct_single(_Tp&& __lhs, _Up&& __rhs_mem)
        -:  502:    {
        1:  503:      void* __storage = std::addressof(__lhs._M_u);
        1:  503-block  0
        -:  504:      using _Type = remove_reference_t<decltype(__rhs_mem)>;
        -:  505:      if constexpr (!is_same_v<_Type, __variant_cookie>)
        1:  506:        ::new (__storage)
        1:  507:	  _Type(std::forward<decltype(__rhs_mem)>(__rhs_mem));
        1:  508:    }
------------------
_ZNSt8__detail9__variant26__variant_construct_singleIRNS0_15_Copy_ctor_baseILb0EJ15LeftLineCommand16RightLineCommandEEENS0_16__variant_cookieEEEvOT_OT0_:
    #####:  501:    void __variant_construct_single(_Tp&& __lhs, _Up&& __rhs_mem)
        -:  502:    {
    #####:  503:      void* __storage = std::addressof(__lhs._M_u);
    %%%%%:  503-block  0
        -:  504:      using _Type = remove_reference_t<decltype(__rhs_mem)>;
        -:  505:      if constexpr (!is_same_v<_Type, __variant_cookie>)
        -:  506:        ::new (__storage)
        -:  507:	  _Type(std::forward<decltype(__rhs_mem)>(__rhs_mem));
    #####:  508:    }
------------------
_ZNSt8__detail9__variant26__variant_construct_singleIRNS0_15_Copy_ctor_baseILb0EJ15LeftLineCommand16RightLineCommandEEERKS3_EEvOT_OT0_:
        4:  501:    void __variant_construct_single(_Tp&& __lhs, _Up&& __rhs_mem)
        -:  502:    {
        4:  503:      void* __storage = std::addressof(__lhs._M_u);
        4:  503-block  0
        -:  504:      using _Type = remove_reference_t<decltype(__rhs_mem)>;
        -:  505:      if constexpr (!is_same_v<_Type, __variant_cookie>)
        4:  506:        ::new (__storage)
        4:  507:	  _Type(std::forward<decltype(__rhs_mem)>(__rhs_mem));
        4:  508:    }
------------------
_ZNSt8__detail9__variant26__variant_construct_singleIRNS0_15_Move_ctor_baseILb0EJ12PointCommand11MoveCommandEEERKS4_EEvOT_OT0_:
    #####:  501:    void __variant_construct_single(_Tp&& __lhs, _Up&& __rhs_mem)
        -:  502:    {
    #####:  503:      void* __storage = std::addressof(__lhs._M_u);
    %%%%%:  503-block  0
        -:  504:      using _Type = remove_reference_t<decltype(__rhs_mem)>;
        -:  505:      if constexpr (!is_same_v<_Type, __variant_cookie>)
    #####:  506:        ::new (__storage)
    #####:  507:	  _Type(std::forward<decltype(__rhs_mem)>(__rhs_mem));
    #####:  508:    }
------------------
_ZNSt8__detail9__variant26__variant_construct_singleIRNS0_15_Move_ctor_baseILb0EJ12PointCommand11MoveCommandEEERKS3_EEvOT_OT0_:
    #####:  501:    void __variant_construct_single(_Tp&& __lhs, _Up&& __rhs_mem)
        -:  502:    {
    #####:  503:      void* __storage = std::addressof(__lhs._M_u);
    %%%%%:  503-block  0
        -:  504:      using _Type = remove_reference_t<decltype(__rhs_mem)>;
        -:  505:      if constexpr (!is_same_v<_Type, __variant_cookie>)
    #####:  506:        ::new (__storage)
    #####:  507:	  _Type(std::forward<decltype(__rhs_mem)>(__rhs_mem));
    #####:  508:    }
------------------
_ZNSt8__detail9__variant26__variant_construct_singleIRNS0_15_Copy_ctor_baseILb0EJ12PointCommand11MoveCommandEEERKS4_EEvOT_OT0_:
    #####:  501:    void __variant_construct_single(_Tp&& __lhs, _Up&& __rhs_mem)
        -:  502:    {
    #####:  503:      void* __storage = std::addressof(__lhs._M_u);
    %%%%%:  503-block  0
        -:  504:      using _Type = remove_reference_t<decltype(__rhs_mem)>;
        -:  505:      if constexpr (!is_same_v<_Type, __variant_cookie>)
    #####:  506:        ::new (__storage)
    #####:  507:	  _Type(std::forward<decltype(__rhs_mem)>(__rhs_mem));
    #####:  508:    }
------------------
_ZNSt8__detail9__variant26__variant_construct_singleIRNS0_15_Copy_ctor_baseILb0EJ12PointCommand11MoveCommandEEENS0_16__variant_cookieEEEvOT_OT0_:
    #####:  501:    void __variant_construct_single(_Tp&& __lhs, _Up&& __rhs_mem)
        -:  502:    {
    #####:  503:      void* __storage = std::addressof(__lhs._M_u);
    %%%%%:  503-block  0
        -:  504:      using _Type = remove_reference_t<decltype(__rhs_mem)>;
        -:  505:      if constexpr (!is_same_v<_Type, __variant_cookie>)
        -:  506:        ::new (__storage)
        -:  507:	  _Type(std::forward<decltype(__rhs_mem)>(__rhs_mem));
    #####:  508:    }
------------------
_ZNSt8__detail9__variant26__variant_construct_singleIRNS0_15_Copy_ctor_baseILb0EJ12PointCommand11MoveCommandEEERKS3_EEvOT_OT0_:
        8:  501:    void __variant_construct_single(_Tp&& __lhs, _Up&& __rhs_mem)
        -:  502:    {
        8:  503:      void* __storage = std::addressof(__lhs._M_u);
        8:  503-block  0
        -:  504:      using _Type = remove_reference_t<decltype(__rhs_mem)>;
        -:  505:      if constexpr (!is_same_v<_Type, __variant_cookie>)
        8:  506:        ::new (__storage)
        8:  507:	  _Type(std::forward<decltype(__rhs_mem)>(__rhs_mem));
        8:  508:    }
------------------
        -:  509:
        -:  510:  template<typename... _Types, typename _Tp, typename _Up>
       78:  511:    void __variant_construct(_Tp&& __lhs, _Up&& __rhs)
        -:  512:    {
       78:  513:      __lhs._M_index = __rhs._M_index;
     312*:  514:      __variant::__raw_visit([&__lhs](auto&& __rhs_mem) mutable
        -:  515:        {
      78*:  516:	  __variant_construct_single(std::forward<_Tp>(__lhs),
        7:  516-block  0
    %%%%%:  516-block  1
       12:  516-block  2
        1:  516-block  3
    %%%%%:  516-block  4
       45:  516-block  5
        1:  516-block  6
    %%%%%:  516-block  7
        4:  516-block  8
    %%%%%:  516-block  9
    %%%%%:  516-block 10
        8:  516-block 11
        -:  517:	      std::forward<decltype(__rhs_mem)>(__rhs_mem));
        -:  518:	}, __variant_cast<_Types...>(std::forward<_Up>(__rhs)));
       78:  519:    }
------------------
_ZNSt8__detail9__variant19__variant_constructIJ15LeftLineCommand16RightLineCommandERNS0_15_Move_ctor_baseILb0EJS2_S3_EEES5_EEvOT0_OT1_:
       19:  511:    void __variant_construct(_Tp&& __lhs, _Up&& __rhs)
        -:  512:    {
       19:  513:      __lhs._M_index = __rhs._M_index;
       19:  514:      __variant::__raw_visit([&__lhs](auto&& __rhs_mem) mutable
       19:  514-block  0
        -:  515:        {
        -:  516:	  __variant_construct_single(std::forward<_Tp>(__lhs),
        -:  517:	      std::forward<decltype(__rhs_mem)>(__rhs_mem));
        -:  518:	}, __variant_cast<_Types...>(std::forward<_Up>(__rhs)));
       19:  519:    }
       19:  519-block  0
------------------
_ZNSt8__detail9__variant19__variant_constructIJ12PointCommand11MoveCommandERNS0_15_Move_ctor_baseILb0EJS2_S3_EEES5_EEvOT0_OT1_:
       46:  511:    void __variant_construct(_Tp&& __lhs, _Up&& __rhs)
        -:  512:    {
       46:  513:      __lhs._M_index = __rhs._M_index;
       46:  514:      __variant::__raw_visit([&__lhs](auto&& __rhs_mem) mutable
       46:  514-block  0
        -:  515:        {
        -:  516:	  __variant_construct_single(std::forward<_Tp>(__lhs),
        -:  517:	      std::forward<decltype(__rhs_mem)>(__rhs_mem));
        -:  518:	}, __variant_cast<_Types...>(std::forward<_Up>(__rhs)));
       46:  519:    }
       46:  519-block  0
------------------
_ZNSt8__detail9__variant19__variant_constructIJ15LeftLineCommand16RightLineCommandERNS0_15_Copy_ctor_baseILb0EJS2_S3_EEERKS5_EEvOT0_OT1_:
        5:  511:    void __variant_construct(_Tp&& __lhs, _Up&& __rhs)
        -:  512:    {
        5:  513:      __lhs._M_index = __rhs._M_index;
        5:  514:      __variant::__raw_visit([&__lhs](auto&& __rhs_mem) mutable
        5:  514-block  0
        -:  515:        {
        -:  516:	  __variant_construct_single(std::forward<_Tp>(__lhs),
        -:  517:	      std::forward<decltype(__rhs_mem)>(__rhs_mem));
        -:  518:	}, __variant_cast<_Types...>(std::forward<_Up>(__rhs)));
        5:  519:    }
        5:  519-block  0
------------------
_ZNSt8__detail9__variant19__variant_constructIJ12PointCommand11MoveCommandERNS0_15_Copy_ctor_baseILb0EJS2_S3_EEERKS5_EEvOT0_OT1_:
        8:  511:    void __variant_construct(_Tp&& __lhs, _Up&& __rhs)
        -:  512:    {
        8:  513:      __lhs._M_index = __rhs._M_index;
        8:  514:      __variant::__raw_visit([&__lhs](auto&& __rhs_mem) mutable
        8:  514-block  0
        -:  515:        {
        -:  516:	  __variant_construct_single(std::forward<_Tp>(__lhs),
        -:  517:	      std::forward<decltype(__rhs_mem)>(__rhs_mem));
        -:  518:	}, __variant_cast<_Types...>(std::forward<_Up>(__rhs)));
        8:  519:    }
        8:  519-block  0
------------------
        -:  520:
        -:  521:  // The following are (Copy|Move) (ctor|assign) layers for forwarding
        -:  522:  // triviality and handling non-trivial SMF behaviors.
        -:  523:
        -:  524:  template<bool, typename... _Types>
        -:  525:    struct _Copy_ctor_base : _Variant_storage_alias<_Types...>
        -:  526:    {
        -:  527:      using _Base = _Variant_storage_alias<_Types...>;
        -:  528:      using _Base::_Base;
        -:  529:
       13:  530:      _Copy_ctor_base(const _Copy_ctor_base& __rhs)
        -:  531:	  noexcept(_Traits<_Types...>::_S_nothrow_copy_ctor)
       13:  532:      {
       13:  533:	__variant_construct<_Types...>(*this, __rhs);
       13:  534:      }
------------------
_ZNSt8__detail9__variant15_Copy_ctor_baseILb0EJ15LeftLineCommand16RightLineCommandEEC2ERKS4_:
        5:  530:      _Copy_ctor_base(const _Copy_ctor_base& __rhs)
        -:  531:	  noexcept(_Traits<_Types...>::_S_nothrow_copy_ctor)
        5:  532:      {
        5:  532-block  0
        5:  533:	__variant_construct<_Types...>(*this, __rhs);
        5:  534:      }
        5:  534-block  0
    $$$$$:  534-block  1
------------------
_ZNSt8__detail9__variant15_Copy_ctor_baseILb0EJ12PointCommand11MoveCommandEEC2ERKS4_:
        8:  530:      _Copy_ctor_base(const _Copy_ctor_base& __rhs)
        -:  531:	  noexcept(_Traits<_Types...>::_S_nothrow_copy_ctor)
        8:  532:      {
        8:  532-block  0
        8:  533:	__variant_construct<_Types...>(*this, __rhs);
        8:  534:      }
        8:  534-block  0
    $$$$$:  534-block  1
------------------
        -:  535:
        -:  536:      _Copy_ctor_base(_Copy_ctor_base&&) = default;
        -:  537:      _Copy_ctor_base& operator=(const _Copy_ctor_base&) = default;
        -:  538:      _Copy_ctor_base& operator=(_Copy_ctor_base&&) = default;
        -:  539:    };
        -:  540:
        -:  541:  template<typename... _Types>
        -:  542:    struct _Copy_ctor_base<true, _Types...> : _Variant_storage_alias<_Types...>
        -:  543:    {
        -:  544:      using _Base = _Variant_storage_alias<_Types...>;
        -:  545:      using _Base::_Base;
        -:  546:    };
        -:  547:
        -:  548:  template<typename... _Types>
        -:  549:    using _Copy_ctor_alias =
        -:  550:	_Copy_ctor_base<_Traits<_Types...>::_S_trivial_copy_ctor, _Types...>;
        -:  551:
        -:  552:  template<bool, typename... _Types>
        -:  553:    struct _Move_ctor_base : _Copy_ctor_alias<_Types...>
        -:  554:    {
        -:  555:      using _Base = _Copy_ctor_alias<_Types...>;
        -:  556:      using _Base::_Base;
        -:  557:
       65:  558:      _Move_ctor_base(_Move_ctor_base&& __rhs)
        -:  559:	  noexcept(_Traits<_Types...>::_S_nothrow_move_ctor)
       65:  560:      {
       65:  561:	__variant_construct<_Types...>(*this, std::move(__rhs));
       65:  562:      }
------------------
_ZNSt8__detail9__variant15_Move_ctor_baseILb0EJ15LeftLineCommand16RightLineCommandEEC2EOS4_:
       19:  558:      _Move_ctor_base(_Move_ctor_base&& __rhs)
[...]
        -: 1763:    }
------------------
_ZSt10__do_visitINSt8__detail9__variant21__deduce_visit_resultI15CoordinateValueEERNL16extractMovePointMUlRKT_E_EJRSt7variantIJ12PointCommand11MoveCommandEEEEDcOT0_DpOT1_:
       19: 1755:    __do_visit(_Visitor&& __visitor, _Variants&&... __variants)
        -: 1756:    {
       19: 1757:      constexpr auto& __vtable = __detail::__variant::__gen_vtable<
        -: 1758:	_Result_type, _Visitor&&, _Variants&&...>::_S_vtable;
        -: 1759:
       19: 1760:      auto __func_ptr = __vtable._M_access(__variants.index()...);
       19: 1760-block  0
       19: 1761:      return (*__func_ptr)(std::forward<_Visitor>(__visitor),
       19: 1762:			   std::forward<_Variants>(__variants)...);
        -: 1763:    }
------------------
_ZSt10__do_visitINSt8__detail9__variant21__deduce_visit_resultI15CoordinateValueEERNL16extractMovePointMUlRKT_E_EJRSt7variantIJ15LeftLineCommand16RightLineCommandEEEEDcOT0_DpOT1_:
        3: 1755:    __do_visit(_Visitor&& __visitor, _Variants&&... __variants)
        -: 1756:    {
        3: 1757:      constexpr auto& __vtable = __detail::__variant::__gen_vtable<
        -: 1758:	_Result_type, _Visitor&&, _Variants&&...>::_S_vtable;
        -: 1759:
        3: 1760:      auto __func_ptr = __vtable._M_access(__variants.index()...);
        3: 1760-block  0
        3: 1761:      return (*__func_ptr)(std::forward<_Visitor>(__visitor),
        3: 1762:			   std::forward<_Variants>(__variants)...);
        -: 1763:    }
------------------
_ZSt10__do_visitIvZNSt8__detail9__variant16_Variant_storageILb0EJ12PointCommand11MoveCommandEE8_M_resetEvEUlOT_E_JRSt7variantIJS3_S4_EEEEDcOT0_DpOT1_:
       77: 1755:    __do_visit(_Visitor&& __visitor, _Variants&&... __variants)
        -: 1756:    {
       77: 1757:      constexpr auto& __vtable = __detail::__variant::__gen_vtable<
        -: 1758:	_Result_type, _Visitor&&, _Variants&&...>::_S_vtable;
        -: 1759:
       77: 1760:      auto __func_ptr = __vtable._M_access(__variants.index()...);
       77: 1760-block  0
       77: 1761:      return (*__func_ptr)(std::forward<_Visitor>(__visitor),
       77: 1762:			   std::forward<_Variants>(__variants)...);
        -: 1763:    }
------------------
_ZSt10__do_visitINSt8__detail9__variant21__deduce_visit_resultIvEERZNKL12rescaleVisitMUldE_clEdEUlRT_E_JRSt7variantIJ12PointCommand11MoveCommandEEEEDcOT0_DpOT1_:
        8: 1755:    __do_visit(_Visitor&& __visitor, _Variants&&... __variants)
        -: 1756:    {
        8: 1757:      constexpr auto& __vtable = __detail::__variant::__gen_vtable<
        -: 1758:	_Result_type, _Visitor&&, _Variants&&...>::_S_vtable;
        -: 1759:
        8: 1760:      auto __func_ptr = __vtable._M_access(__variants.index()...);
        8: 1760-block  0
        8: 1761:      return (*__func_ptr)(std::forward<_Visitor>(__visitor),
        8: 1762:			   std::forward<_Variants>(__variants)...);
        -: 1763:    }
------------------
_ZSt10__do_visitIvZNSt8__detail9__variant16_Variant_storageILb0EJ15LeftLineCommand16RightLineCommandEE8_M_resetEvEUlOT_E_JRSt7variantIJS3_S4_EEEEDcOT0_DpOT1_:
       36: 1755:    __do_visit(_Visitor&& __visitor, _Variants&&... __variants)
        -: 1756:    {
       36: 1757:      constexpr auto& __vtable = __detail::__variant::__gen_vtable<
        -: 1758:	_Result_type, _Visitor&&, _Variants&&...>::_S_vtable;
        -: 1759:
       36: 1760:      auto __func_ptr = __vtable._M_access(__variants.index()...);
       36: 1760-block  0
       36: 1761:      return (*__func_ptr)(std::forward<_Visitor>(__visitor),
       36: 1762:			   std::forward<_Variants>(__variants)...);
        -: 1763:    }
------------------
_ZSt10__do_visitINSt8__detail9__variant21__deduce_visit_resultIvEERZNKL12rescaleVisitMUldE_clEdEUlRT_E_JRSt7variantIJ15LeftLineCommand16RightLineCommandEEEEDcOT0_DpOT1_:
        2: 1755:    __do_visit(_Visitor&& __visitor, _Variants&&... __variants)
        -: 1756:    {
        2: 1757:      constexpr auto& __vtable = __detail::__variant::__gen_vtable<
        -: 1758:	_Result_type, _Visitor&&, _Variants&&...>::_S_vtable;
        -: 1759:
        2: 1760:      auto __func_ptr = __vtable._M_access(__variants.index()...);
        2: 1760-block  0
        2: 1761:      return (*__func_ptr)(std::forward<_Visitor>(__visitor),
        2: 1762:			   std::forward<_Variants>(__variants)...);
        -: 1763:    }
------------------
_ZSt10__do_visitINSt8__detail9__variant21__deduce_visit_resultIdEERNL15differenceVisitMUlRKT_RKT0_E_EJRSt7variantIJ12PointCommand11MoveCommandEERKSF_EEDcOS7_DpOT1_:
        5: 1755:    __do_visit(_Visitor&& __visitor, _Variants&&... __variants)
        -: 1756:    {
        5: 1757:      constexpr auto& __vtable = __detail::__variant::__gen_vtable<
        -: 1758:	_Result_type, _Visitor&&, _Variants&&...>::_S_vtable;
        -: 1759:
        5: 1760:      auto __func_ptr = __vtable._M_access(__variants.index()...);
        5: 1760-block  0
        5: 1761:      return (*__func_ptr)(std::forward<_Visitor>(__visitor),
        5: 1762:			   std::forward<_Variants>(__variants)...);
        -: 1763:    }
------------------
_ZSt10__do_visitINSt8__detail9__variant21__deduce_visit_resultISt7variantIJ12PointCommand11MoveCommandEEEERNL13midpointVisitMUlRKT_RKT0_E_EJRS6_RKS6_EEDcOSB_DpOT1_:
        2: 1755:    __do_visit(_Visitor&& __visitor, _Variants&&... __variants)
        -: 1756:    {
        2: 1757:      constexpr auto& __vtable = __detail::__variant::__gen_vtable<
        -: 1758:	_Result_type, _Visitor&&, _Variants&&...>::_S_vtable;
        -: 1759:
        2: 1760:      auto __func_ptr = __vtable._M_access(__variants.index()...);
        2: 1760-block  0
        -: 1761:      return (*__func_ptr)(std::forward<_Visitor>(__visitor),
        2: 1762:			   std::forward<_Variants>(__variants)...);
        -: 1763:    }
------------------
_ZSt10__do_visitINSt8__detail9__variant21__deduce_visit_resultIdEERNL15differenceVisitMUlRKT_RKT0_E_EJRSt7variantIJ15LeftLineCommand16RightLineCommandEERKSF_EEDcOS7_DpOT1_:
        4: 1755:    __do_visit(_Visitor&& __visitor, _Variants&&... __variants)
        -: 1756:    {
        4: 1757:      constexpr auto& __vtable = __detail::__variant::__gen_vtable<
        -: 1758:	_Result_type, _Visitor&&, _Variants&&...>::_S_vtable;
        -: 1759:
        4: 1760:      auto __func_ptr = __vtable._M_access(__variants.index()...);
        4: 1760-block  0
        4: 1761:      return (*__func_ptr)(std::forward<_Visitor>(__visitor),
        4: 1762:			   std::forward<_Variants>(__variants)...);
        -: 1763:    }
------------------
_ZSt10__do_visitINSt8__detail9__variant16__variant_cookieEZNS1_19__variant_constructIJ15LeftLineCommand16RightLineCommandERNS1_15_Move_ctor_baseILb0EJS4_S5_EEES7_EEvOT0_OT1_EUlOT_E_JSt7variantIJS4_S5_EEEEDcSA_DpOT1_:
       19: 1755:    __do_visit(_Visitor&& __visitor, _Variants&&... __variants)
        -: 1756:    {
       19: 1757:      constexpr auto& __vtable = __detail::__variant::__gen_vtable<
        -: 1758:	_Result_type, _Visitor&&, _Variants&&...>::_S_vtable;
        -: 1759:
       19: 1760:      auto __func_ptr = __vtable._M_access(__variants.index()...);
       19: 1760-block  0
       19: 1761:      return (*__func_ptr)(std::forward<_Visitor>(__visitor),
       19: 1762:			   std::forward<_Variants>(__variants)...);
        -: 1763:    }
------------------
_ZSt10__do_visitINSt8__detail9__variant21__deduce_visit_resultIdEERNL15differenceVisitMUlRKT_RKT0_E_EJRSt7variantIJ12PointCommand11MoveCommandEESG_EEDcOS7_DpOT1_:
       24: 1755:    __do_visit(_Visitor&& __visitor, _Variants&&... __variants)
        -: 1756:    {
       24: 1757:      constexpr auto& __vtable = __detail::__variant::__gen_vtable<
        -: 1758:	_Result_type, _Visitor&&, _Variants&&...>::_S_vtable;
        -: 1759:
       24: 1760:      auto __func_ptr = __vtable._M_access(__variants.index()...);
       24: 1760-block  0
       24: 1761:      return (*__func_ptr)(std::forward<_Visitor>(__visitor),
       24: 1762:			   std::forward<_Variants>(__variants)...);
        -: 1763:    }
------------------
_ZSt10__do_visitINSt8__detail9__variant20__variant_idx_cookieEZNS1_17_Copy_assign_baseILb0EJ12PointCommand11MoveCommandEEaSERKS6_EUlOT_T0_E_JRKSt7variantIJS4_S5_EEEEDcOSB_DpOT1_:
       11: 1755:    __do_visit(_Visitor&& __visitor, _Variants&&... __variants)
        -: 1756:    {
       11: 1757:      constexpr auto& __vtable = __detail::__variant::__gen_vtable<
        -: 1758:	_Result_type, _Visitor&&, _Variants&&...>::_S_vtable;
        -: 1759:
       11: 1760:      auto __func_ptr = __vtable._M_access(__variants.index()...);
       11: 1760-block  0
       11: 1761:      return (*__func_ptr)(std::forward<_Visitor>(__visitor),
       11: 1762:			   std::forward<_Variants>(__variants)...);
        -: 1763:    }
------------------
_ZSt10__do_visitINSt8__detail9__variant20__variant_idx_cookieEZNS1_17_Move_assign_baseILb0EJ12PointCommand11MoveCommandEEaSEOS6_EUlOT_T0_E_JRSt7variantIJS4_S5_EEEEDcOSA_DpOT1_:
        2: 1755:    __do_visit(_Visitor&& __visitor, _Variants&&... __variants)
        -: 1756:    {
        2: 1757:      constexpr auto& __vtable = __detail::__variant::__gen_vtable<
        -: 1758:	_Result_type, _Visitor&&, _Variants&&...>::_S_vtable;
        -: 1759:
        2: 1760:      auto __func_ptr = __vtable._M_access(__variants.index()...);
        2: 1760-block  0
        2: 1761:      return (*__func_ptr)(std::forward<_Visitor>(__visitor),
        2: 1762:			   std::forward<_Variants>(__variants)...);
        -: 1763:    }
------------------
_ZSt10__do_visitINSt8__detail9__variant20__variant_idx_cookieEZNS1_17_Move_assign_baseILb0EJ15LeftLineCommand16RightLineCommandEEaSEOS6_EUlOT_T0_E_JRSt7variantIJS4_S5_EEEEDcOSA_DpOT1_:
        2: 1755:    __do_visit(_Visitor&& __visitor, _Variants&&... __variants)
        -: 1756:    {
        2: 1757:      constexpr auto& __vtable = __detail::__variant::__gen_vtable<
        -: 1758:	_Result_type, _Visitor&&, _Variants&&...>::_S_vtable;
        -: 1759:
        2: 1760:      auto __func_ptr = __vtable._M_access(__variants.index()...);
        2: 1760-block  0
        2: 1761:      return (*__func_ptr)(std::forward<_Visitor>(__visitor),
        2: 1762:			   std::forward<_Variants>(__variants)...);
        -: 1763:    }
------------------
_ZSt10__do_visitINSt8__detail9__variant20__variant_idx_cookieEZNS1_17_Copy_assign_baseILb0EJ15LeftLineCommand16RightLineCommandEEaSERKS6_EUlOT_T0_E_JRKSt7variantIJS4_S5_EEEEDcOSB_DpOT1_:
        2: 1755:    __do_visit(_Visitor&& __visitor, _Variants&&... __variants)
        -: 1756:    {
        2: 1757:      constexpr auto& __vtable = __detail::__variant::__gen_vtable<
        -: 1758:	_Result_type, _Visitor&&, _Variants&&...>::_S_vtable;
        -: 1759:
        2: 1760:      auto __func_ptr = __vtable._M_access(__variants.index()...);
        2: 1760-block  0
        2: 1761:      return (*__func_ptr)(std::forward<_Visitor>(__visitor),
        2: 1762:			   std::forward<_Variants>(__variants)...);
        -: 1763:    }
------------------
_ZSt10__do_visitINSt8__detail9__variant16__variant_cookieEZNS1_19__variant_constructIJ12PointCommand11MoveCommandERNS1_15_Copy_ctor_baseILb0EJS4_S5_EEERKS7_EEvOT0_OT1_EUlOT_E_JRKSt7variantIJS4_S5_EEEEDcSC_DpOT1_:
        8: 1755:    __do_visit(_Visitor&& __visitor, _Variants&&... __variants)
        -: 1756:    {
        8: 1757:      constexpr auto& __vtable = __detail::__variant::__gen_vtable<
        -: 1758:	_Result_type, _Visitor&&, _Variants&&...>::_S_vtable;
        -: 1759:
        8: 1760:      auto __func_ptr = __vtable._M_access(__variants.index()...);
        8: 1760-block  0
        8: 1761:      return (*__func_ptr)(std::forward<_Visitor>(__visitor),
        8: 1762:			   std::forward<_Variants>(__variants)...);
        -: 1763:    }
------------------
_ZSt10__do_visitINSt8__detail9__variant16__variant_cookieEZNS1_19__variant_constructIJ15LeftLineCommand16RightLineCommandERNS1_15_Copy_ctor_baseILb0EJS4_S5_EEERKS7_EEvOT0_OT1_EUlOT_E_JRKSt7variantIJS4_S5_EEEEDcSC_DpOT1_:
        5: 1755:    __do_visit(_Visitor&& __visitor, _Variants&&... __variants)
        -: 1756:    {
        5: 1757:      constexpr auto& __vtable = __detail::__variant::__gen_vtable<
        -: 1758:	_Result_type, _Visitor&&, _Variants&&...>::_S_vtable;
        -: 1759:
        5: 1760:      auto __func_ptr = __vtable._M_access(__variants.index()...);
        5: 1760-block  0
        5: 1761:      return (*__func_ptr)(std::forward<_Visitor>(__visitor),
        5: 1762:			   std::forward<_Variants>(__variants)...);
        -: 1763:    }
------------------
_ZSt10__do_visitINSt8__detail9__variant20__variant_idx_cookieEZNSt7variantIJ12PointCommand11MoveCommandEE4swapERS6_EUlOT_T0_E_JS7_EEDcOSA_DpOT1_:
        8: 1755:    __do_visit(_Visitor&& __visitor, _Variants&&... __variants)
        -: 1756:    {
        8: 1757:      constexpr auto& __vtable = __detail::__variant::__gen_vtable<
        -: 1758:	_Result_type, _Visitor&&, _Variants&&...>::_S_vtable;
        -: 1759:
        8: 1760:      auto __func_ptr = __vtable._M_access(__variants.index()...);
        8: 1760-block  0
        8: 1761:      return (*__func_ptr)(std::forward<_Visitor>(__visitor),
        8: 1762:			   std::forward<_Variants>(__variants)...);
        -: 1763:    }
------------------
_ZSt10__do_visitINSt8__detail9__variant16__variant_cookieEZNS1_19__variant_constructIJ12PointCommand11MoveCommandERNS1_15_Move_ctor_baseILb0EJS4_S5_EEES7_EEvOT0_OT1_EUlOT_E_JSt7variantIJS4_S5_EEEEDcSA_DpOT1_:
       46: 1755:    __do_visit(_Visitor&& __visitor, _Variants&&... __variants)
        -: 1756:    {
       46: 1757:      constexpr auto& __vtable = __detail::__variant::__gen_vtable<
        -: 1758:	_Result_type, _Visitor&&, _Variants&&...>::_S_vtable;
        -: 1759:
       46: 1760:      auto __func_ptr = __vtable._M_access(__variants.index()...);
       46: 1760-block  0
       46: 1761:      return (*__func_ptr)(std::forward<_Visitor>(__visitor),
       46: 1762:			   std::forward<_Variants>(__variants)...);
        -: 1763:    }
------------------
        -: 1764:  /// @endcond
        -: 1765:
        -: 1766:  template<typename _Visitor, typename... _Variants>
        -: 1767:    constexpr __detail::__variant::__visit_result_t<_Visitor, _Variants...>
       69: 1768:    visit(_Visitor&& __visitor, _Variants&&... __variants)
        -: 1769:    {
        -: 1770:      namespace __variant = std::__detail::__variant;
        -: 1771:
      69*: 1772:      if ((__variant::__as(__variants).valueless_by_exception() || ...))
    #####: 1773:	__throw_bad_variant_access("std::visit: variant is valueless");
        -: 1774:
        -: 1775:      using _Result_type
        -: 1776:	= __detail::__variant::__visit_result_t<_Visitor, _Variants...>;
        -: 1777:
        -: 1778:      using _Tag = __detail::__variant::__deduce_visit_result<_Result_type>;
        -: 1779:
        -: 1780:      if constexpr (sizeof...(_Variants) == 1)
        -: 1781:	{
        -: 1782:	  using _Vp = decltype(__variant::__as(std::declval<_Variants>()...));
        -: 1783:
       32: 1784:	  constexpr bool __visit_rettypes_match = __detail::__variant::
        -: 1785:	    __check_visitor_results<_Visitor, _Vp>(
        -: 1786:	      make_index_sequence<variant_size_v<remove_reference_t<_Vp>>>());
        -: 1787:	  if constexpr (!__visit_rettypes_match)
        -: 1788:	    {
        -: 1789:	      static_assert(__visit_rettypes_match,
        -: 1790:			  "std::visit requires the visitor to have the same "
        -: 1791:			  "return type for all alternatives of a variant");
        -: 1792:	      return;
        -: 1793:	    }
        -: 1794:	  else
       32: 1795:	    return std::__do_visit<_Tag>(
        -: 1796:	      std::forward<_Visitor>(__visitor),
       32: 1797:	      static_cast<_Vp>(__variants)...);
        -: 1798:	}
        -: 1799:      else
       33: 1800:	return std::__do_visit<_Tag>(
        -: 1801:	  std::forward<_Visitor>(__visitor),
       37: 1802:	  __variant::__as(std::forward<_Variants>(__variants))...);
        -: 1803:    }
        -: 1804:
        -: 1805:#if __cplusplus > 201703L
        -: 1806:  template<typename _Res, typename _Visitor, typename... _Variants>
        -: 1807:    constexpr _Res
        -: 1808:    visit(_Visitor&& __visitor, _Variants&&... __variants)
        -: 1809:    {
        -: 1810:      namespace __variant = std::__detail::__variant;
        -: 1811:
        -: 1812:      if ((__variant::__as(__variants).valueless_by_exception() || ...))
        -: 1813:	__throw_bad_variant_access("std::visit<R>: variant is valueless");
        -: 1814:
        -: 1815:      return std::__do_visit<_Res>(std::forward<_Visitor>(__visitor),
        -: 1816:	  __variant::__as(std::forward<_Variants>(__variants))...);
        -: 1817:    }
        -: 1818:#endif
        -: 1819:
        -: 1820:  /// @cond undocumented
        -: 1821:  template<bool, typename... _Types>
        -: 1822:    struct __variant_hash_call_base_impl
        -: 1823:    {
        -: 1824:      size_t
        -: 1825:      operator()(const variant<_Types...>& __t) const
        -: 1826:      noexcept((is_nothrow_invocable_v<hash<decay_t<_Types>>, _Types> && ...))
        -: 1827:      {
        -: 1828:	size_t __ret;
        -: 1829:	__detail::__variant::__raw_visit(
        -: 1830:	  [&__t, &__ret](auto&& __t_mem) mutable
        -: 1831:	  {
        -: 1832:	    using _Type = __remove_cvref_t<decltype(__t_mem)>;
        -: 1833:	    if constexpr (!is_same_v<_Type,
        -: 1834:			             __detail::__variant::__variant_cookie>)
        -: 1835:	      __ret = std::hash<size_t>{}(__t.index())
        -: 1836:		      + std::hash<_Type>{}(__t_mem);
        -: 1837:	    else
        -: 1838:	      __ret = std::hash<size_t>{}(__t.index());
        -: 1839:	  }, __t);
        -: 1840:	return __ret;
        -: 1841:      }
        -: 1842:    };
        -: 1843:
        -: 1844:  template<typename... _Types>
        -: 1845:    struct __variant_hash_call_base_impl<false, _Types...> {};
        -: 1846:
        -: 1847:  template<typename... _Types>
        -: 1848:    using __variant_hash_call_base =
        -: 1849:    __variant_hash_call_base_impl<(__poison_hash<remove_const_t<_Types>>::
        -: 1850:				   __enable_hash_call &&...), _Types...>;
        -: 1851:  /// @endcond
        -: 1852:
        -: 1853:  template<typename... _Types>
        -: 1854:    struct hash<variant<_Types...>>
        -: 1855:    : private __detail::__variant::_Variant_hash_base<
        -: 1856:	variant<_Types...>, std::index_sequence_for<_Types...>>,
        -: 1857:      public __variant_hash_call_base<_Types...>
        -: 1858:    {
        -: 1859:      using result_type [[__deprecated__]] = size_t;
        -: 1860:      using argument_type [[__deprecated__]] = variant<_Types...>;
        -: 1861:    };
        -: 1862:
        -: 1863:  template<>
        -: 1864:    struct hash<monostate>
        -: 1865:    {
        -: 1866:      using result_type [[__deprecated__]] = size_t;
        -: 1867:      using argument_type [[__deprecated__]] = monostate;
        -: 1868:
        -: 1869:      size_t
        -: 1870:      operator()(const monostate&) const noexcept
        -: 1871:      {
        -: 1872:	constexpr size_t __magic_monostate_hash = -7777;
        -: 1873:	return __magic_monostate_hash;
        -: 1874:      }
        -: 1875:    };
        -: 1876:
        -: 1877:  template<typename... _Types>
        -: 1878:    struct __is_fast_hash<hash<variant<_Types...>>>
        -: 1879:    : bool_constant<(__is_fast_hash<_Types>::value && ...)>
        -: 1880:    { };
        -: 1881:
        -: 1882:_GLIBCXX_END_NAMESPACE_VERSION
        -: 1883:} // namespace std
        -: 1884:
        -: 1885:#endif // C++17
        -: 1886:
        -: 1887:#endif // _GLIBCXX_VARIANT
