        -:    0:Source:/home/kacper/Pulpit/zpr_eps/src/EPSCommandRepresentation.cc
        -:    0:Graph:/home/kacper/Pulpit/zpr_eps/cmake-build-debug-coverage/src/CMakeFiles/EPSCommands.dir/EPSCommandRepresentation.cc.gcno
        -:    0:Data:/home/kacper/Pulpit/zpr_eps/cmake-build-debug-coverage/src/CMakeFiles/EPSCommands.dir/EPSCommandRepresentation.cc.gcda
        -:    0:Runs:1
        -:    1://
        -:    2:// Created by kacper on 04.11.2022.
        -:    3://
        -:    4:#include "EPSCommandRepresentation.h"
        1:    5:std::ostream &operator<<(std::ostream &os, const Command &com) {
        1:    6:  return os << com.toString();
        1:    6-block  0
        1:    6-block  1
        1:    6-block  2
    $$$$$:    6-block  3
        -:    7:}
