        -:    0:Source:/home/kacper/Pulpit/zpr_eps/tests/EPSCommandRepresentationTest.cc
        -:    0:Graph:/home/kacper/Pulpit/zpr_eps/cmake-build-debug-coverage/tests/CMakeFiles/EPSCommandRepresentationTest.dir/EPSCommandRepresentationTest.cc.gcno
        -:    0:Data:/home/kacper/Pulpit/zpr_eps/cmake-build-debug-coverage/tests/CMakeFiles/EPSCommandRepresentationTest.dir/EPSCommandRepresentationTest.cc.gcda
        -:    0:Runs:1
        -:    1://
        -:    2:// Created by kacper on 04.12.2022.
        -:    3://
        -:    4:#include "EPSCommandRepresentation.h"
        -:    5:#include <gtest/gtest.h>
        -:    6:#include <sstream>
        -:    7:
        4:    8:TEST(EPSCommandRepresentation, testCreateNonProcessableCommand) {
        2:    9:  auto _ = NonProcessableCommand("");
        1:   10:}
------------------
_ZN61EPSCommandRepresentation_testCreateNonProcessableCommand_TestC2Ev:
        1:    8:TEST(EPSCommandRepresentation, testCreateNonProcessableCommand) {
        1:    8-block  0
------------------
_ZN61EPSCommandRepresentation_testCreateNonProcessableCommand_TestD0Ev:
        1:    8:TEST(EPSCommandRepresentation, testCreateNonProcessableCommand) {
        1:    8-block  0
------------------
_ZN61EPSCommandRepresentation_testCreateNonProcessableCommand_TestD2Ev:
        1:    8:TEST(EPSCommandRepresentation, testCreateNonProcessableCommand) {
        1:    8-block  0
------------------
_ZN61EPSCommandRepresentation_testCreateNonProcessableCommand_Test8TestBodyEv:
        1:    8:TEST(EPSCommandRepresentation, testCreateNonProcessableCommand) {
        2:    9:  auto _ = NonProcessableCommand("");
        1:    9-block  0
        1:    9-block  1
    $$$$$:    9-block  2
    $$$$$:    9-block  3
        1:   10:}
------------------
        -:   11:
        4:   12:TEST(EPSCommandRepresentation, testNonProcessableCommandStringForm) {
        2:   13:  auto np = NonProcessableCommand("abc");
       2*:   14:  ASSERT_EQ(np.toString(), std::string("abc"));
        1:   15:}
------------------
_ZN65EPSCommandRepresentation_testNonProcessableCommandStringForm_TestC2Ev:
        1:   12:TEST(EPSCommandRepresentation, testNonProcessableCommandStringForm) {
        1:   12-block  0
------------------
_ZN65EPSCommandRepresentation_testNonProcessableCommandStringForm_TestD0Ev:
        1:   12:TEST(EPSCommandRepresentation, testNonProcessableCommandStringForm) {
        1:   12-block  0
------------------
_ZN65EPSCommandRepresentation_testNonProcessableCommandStringForm_TestD2Ev:
        1:   12:TEST(EPSCommandRepresentation, testNonProcessableCommandStringForm) {
        1:   12-block  0
------------------
_ZN65EPSCommandRepresentation_testNonProcessableCommandStringForm_Test8TestBodyEv:
        1:   12:TEST(EPSCommandRepresentation, testNonProcessableCommandStringForm) {
        2:   13:  auto np = NonProcessableCommand("abc");
        1:   13-block  0
        1:   13-block  1
    $$$$$:   13-block  2
    $$$$$:   13-block  3
       2*:   14:  ASSERT_EQ(np.toString(), std::string("abc"));
        1:   14-block  0
        1:   14-block  1
    %%%%%:   14-block  2
    %%%%%:   14-block  3
    %%%%%:   14-block  4
    %%%%%:   14-block  5
        1:   14-block  6
        1:   14-block  7
    $$$$$:   14-block  8
    $$$$$:   14-block  9
    $$$$$:   14-block 10
    $$$$$:   14-block 11
    $$$$$:   14-block 12
    $$$$$:   14-block 13
    $$$$$:   14-block 14
    $$$$$:   14-block 15
        1:   15:}
        1:   15-block  0
        1:   15-block  1
    $$$$$:   15-block  2
------------------
        -:   16:
        4:   17:TEST(EPSCommandRepresentation, testNonProcessableCommandEmptyStringForm) {
        2:   18:  auto np = NonProcessableCommand("");
       2*:   19:  ASSERT_EQ(np.toString(), std::string(""));
        1:   20:}
------------------
_ZN70EPSCommandRepresentation_testNonProcessableCommandEmptyStringForm_TestC2Ev:
        1:   17:TEST(EPSCommandRepresentation, testNonProcessableCommandEmptyStringForm) {
        1:   17-block  0
------------------
_ZN70EPSCommandRepresentation_testNonProcessableCommandEmptyStringForm_TestD0Ev:
        1:   17:TEST(EPSCommandRepresentation, testNonProcessableCommandEmptyStringForm) {
        1:   17-block  0
------------------
_ZN70EPSCommandRepresentation_testNonProcessableCommandEmptyStringForm_TestD2Ev:
        1:   17:TEST(EPSCommandRepresentation, testNonProcessableCommandEmptyStringForm) {
        1:   17-block  0
------------------
_ZN70EPSCommandRepresentation_testNonProcessableCommandEmptyStringForm_Test8TestBodyEv:
        1:   17:TEST(EPSCommandRepresentation, testNonProcessableCommandEmptyStringForm) {
        2:   18:  auto np = NonProcessableCommand("");
        1:   18-block  0
        1:   18-block  1
    $$$$$:   18-block  2
    $$$$$:   18-block  3
       2*:   19:  ASSERT_EQ(np.toString(), std::string(""));
        1:   19-block  0
        1:   19-block  1
    %%%%%:   19-block  2
    %%%%%:   19-block  3
    %%%%%:   19-block  4
    %%%%%:   19-block  5
        1:   19-block  6
        1:   19-block  7
    $$$$$:   19-block  8
    $$$$$:   19-block  9
    $$$$$:   19-block 10
    $$$$$:   19-block 11
    $$$$$:   19-block 12
    $$$$$:   19-block 13
    $$$$$:   19-block 14
    $$$$$:   19-block 15
        1:   20:}
        1:   20-block  0
        1:   20-block  1
    $$$$$:   20-block  2
------------------
        -:   21:
        4:   22:TEST(EPSCommandRepresentation, testPrintingCommand) {
        2:   23:  auto np = NonProcessableCommand("abc");
        1:   24:  std::ostringstream oss;
        1:   25:  oss << np;
       2*:   26:  ASSERT_EQ(oss.str(), "abc");
        1:   27:}
------------------
_ZN49EPSCommandRepresentation_testPrintingCommand_TestC2Ev:
        1:   22:TEST(EPSCommandRepresentation, testPrintingCommand) {
        1:   22-block  0
------------------
_ZN49EPSCommandRepresentation_testPrintingCommand_TestD0Ev:
        1:   22:TEST(EPSCommandRepresentation, testPrintingCommand) {
        1:   22-block  0
------------------
_ZN49EPSCommandRepresentation_testPrintingCommand_TestD2Ev:
        1:   22:TEST(EPSCommandRepresentation, testPrintingCommand) {
        1:   22-block  0
------------------
_ZN49EPSCommandRepresentation_testPrintingCommand_Test8TestBodyEv:
        1:   22:TEST(EPSCommandRepresentation, testPrintingCommand) {
        2:   23:  auto np = NonProcessableCommand("abc");
        1:   23-block  0
        1:   23-block  1
    $$$$$:   23-block  2
    $$$$$:   23-block  3
        1:   24:  std::ostringstream oss;
        1:   25:  oss << np;
        1:   25-block  0
       2*:   26:  ASSERT_EQ(oss.str(), "abc");
        1:   26-block  0
        1:   26-block  1
    %%%%%:   26-block  2
    %%%%%:   26-block  3
    %%%%%:   26-block  4
    %%%%%:   26-block  5
        1:   26-block  6
        1:   26-block  7
    $$$$$:   26-block  8
    $$$$$:   26-block  9
    $$$$$:   26-block 10
    $$$$$:   26-block 11
    $$$$$:   26-block 12
    $$$$$:   26-block 13
        1:   27:}
        1:   27-block  0
        1:   27-block  1
        1:   27-block  2
        1:   27-block  3
    $$$$$:   27-block  4
    $$$$$:   27-block  5
------------------
        -:   28:
        1:   29:int main(int argc, char **argv) {
        1:   30:  ::testing::InitGoogleTest(&argc, argv);
        1:   30-block  0
        1:   31:  return RUN_ALL_TESTS();
        -:   32:}
