        -:    0:Source:/usr/include/c++/11/bits/invoke.h
        -:    0:Graph:/home/kacper/Pulpit/zpr_eps/cmake-build-debug-coverage/tests/CMakeFiles/EPSFileToolsTest.dir/EPSFileToolsTest.cc.gcno
        -:    0:Data:/home/kacper/Pulpit/zpr_eps/cmake-build-debug-coverage/tests/CMakeFiles/EPSFileToolsTest.dir/EPSFileToolsTest.cc.gcda
        -:    0:Runs:1
        -:    1:// Implementation of INVOKE -*- C++ -*-
        -:    2:
        -:    3:// Copyright (C) 2016-2021 Free Software Foundation, Inc.
        -:    4://
        -:    5:// This file is part of the GNU ISO C++ Library.  This library is free
        -:    6:// software; you can redistribute it and/or modify it under the
        -:    7:// terms of the GNU General Public License as published by the
        -:    8:// Free Software Foundation; either version 3, or (at your option)
        -:    9:// any later version.
        -:   10:
        -:   11:// This library is distributed in the hope that it will be useful,
        -:   12:// but WITHOUT ANY WARRANTY; without even the implied warranty of
        -:   13:// MERCHANTABILITY or FITNESS FOR A PARTICULAR PURPOSE.  See the
        -:   14:// GNU General Public License for more details.
        -:   15:
        -:   16:// Under Section 7 of GPL version 3, you are granted additional
        -:   17:// permissions described in the GCC Runtime Library Exception, version
        -:   18:// 3.1, as published by the Free Software Foundation.
        -:   19:
        -:   20:// You should have received a copy of the GNU General Public License and
        -:   21:// a copy of the GCC Runtime Library Exception along with this program;
        -:   22:// see the files COPYING3 and COPYING.RUNTIME respectively.  If not, see
        -:   23:// <http://www.gnu.org/licenses/>.
        -:   24:
        -:   25:/** @file include/bits/invoke.h
        -:   26: *  This is an internal header file, included by other library headers.
        -:   27: *  Do not attempt to use it directly. @headername{functional}
        -:   28: */
        -:   29:
        -:   30:#ifndef _GLIBCXX_INVOKE_H
        -:   31:#define _GLIBCXX_INVOKE_H 1
        -:   32:
        -:   33:#pragma GCC system_header
        -:   34:
        -:   35:#if __cplusplus < 201103L
        -:   36:# include <bits/c++0x_warning.h>
        -:   37:#else
        -:   38:
        -:   39:#include <type_traits>
        -:   40:#include <bits/move.h> // forward
        -:   41:
        -:   42:namespace std _GLIBCXX_VISIBILITY(default)
        -:   43:{
        -:   44:_GLIBCXX_BEGIN_NAMESPACE_VERSION
        -:   45:
        -:   46:  /**
        -:   47:   *  @addtogroup utilities
        -:   48:   *  @{
        -:   49:   */
        -:   50:
        -:   51:  // Used by __invoke_impl instead of std::forward<_Tp> so that a
        -:   52:  // reference_wrapper is converted to an lvalue-reference.
        -:   53:  template<typename _Tp, typename _Up = typename __inv_unwrap<_Tp>::type>
        -:   54:    constexpr _Up&&
        -:   55:    __invfwd(typename remove_reference<_Tp>::type& __t) noexcept
        -:   56:    { return static_cast<_Up&&>(__t); }
        -:   57:
        -:   58:  template<typename _Res, typename _Fn, typename... _Args>
        -:   59:    constexpr _Res
      40*:   60:    __invoke_impl(__invoke_other, _Fn&& __f, _Args&&... __args)
      40*:   61:    { return std::forward<_Fn>(__f)(std::forward<_Args>(__args)...); }
------------------
_ZSt13__invoke_implIvZNSt8__detail9__variant19__variant_constructIJ12PointCommand11MoveCommandERNS1_15_Copy_ctor_baseILb0EJS3_S4_EEERKS6_EEvOT0_OT1_EUlOT_E_JRKS3_EESE_St14__invoke_otherSB_DpOT1_:
        1:   60:    __invoke_impl(__invoke_other, _Fn&& __f, _Args&&... __args)
        1:   61:    { return std::forward<_Fn>(__f)(std::forward<_Args>(__args)...); }
        1:   61-block  0
------------------
_ZSt13__invoke_implIvZNSt8__detail9__variant16_Variant_storageILb0EJ15LeftLineCommand16RightLineCommandEE8_M_resetEvEUlOT_E_JRS3_EES6_St14__invoke_otherOT0_DpOT1_:
        7:   60:    __invoke_impl(__invoke_other, _Fn&& __f, _Args&&... __args)
        7:   61:    { return std::forward<_Fn>(__f)(std::forward<_Args>(__args)...); }
        7:   61-block  0
------------------
_ZSt13__invoke_implIvZNSt8__detail9__variant16_Variant_storageILb0EJ15LeftLineCommand16RightLineCommandEE8_M_resetEvEUlOT_E_JRS4_EES6_St14__invoke_otherOT0_DpOT1_:
        9:   60:    __invoke_impl(__invoke_other, _Fn&& __f, _Args&&... __args)
        9:   61:    { return std::forward<_Fn>(__f)(std::forward<_Args>(__args)...); }
        9:   61-block  0
------------------
_ZSt13__invoke_implIvZNSt8__detail9__variant16_Variant_storageILb0EJ12PointCommand11MoveCommandEE8_M_resetEvEUlOT_E_JRS3_EES6_St14__invoke_otherOT0_DpOT1_:
        6:   60:    __invoke_impl(__invoke_other, _Fn&& __f, _Args&&... __args)
        6:   61:    { return std::forward<_Fn>(__f)(std::forward<_Args>(__args)...); }
        6:   61-block  0
------------------
_ZSt13__invoke_implIvZNSt8__detail9__variant16_Variant_storageILb0EJ12PointCommand11MoveCommandEE8_M_resetEvEUlOT_E_JRS4_EES6_St14__invoke_otherOT0_DpOT1_:
        4:   60:    __invoke_impl(__invoke_other, _Fn&& __f, _Args&&... __args)
        4:   61:    { return std::forward<_Fn>(__f)(std::forward<_Args>(__args)...); }
        4:   61-block  0
------------------
_ZSt13__invoke_implIvZNSt8__detail9__variant17_Move_assign_baseILb0EJ15LeftLineCommand16RightLineCommandEEaSEOS5_EUlOT_T0_E_JRS3_St17integral_constantImLm0EEEES7_St14__invoke_otherOS9_DpOT1_:
        1:   60:    __invoke_impl(__invoke_other, _Fn&& __f, _Args&&... __args)
        1:   61:    { return std::forward<_Fn>(__f)(std::forward<_Args>(__args)...); }
        1:   61-block  0
------------------
_ZSt13__invoke_implIvZNSt8__detail9__variant17_Move_assign_baseILb0EJ15LeftLineCommand16RightLineCommandEEaSEOS5_EUlOT_T0_E_JNS1_16__variant_cookieESt17integral_constantImLm18446744073709551615EEEES7_St14__invoke_otherOS9_DpOT1_:
    #####:   60:    __invoke_impl(__invoke_other, _Fn&& __f, _Args&&... __args)
    #####:   61:    { return std::forward<_Fn>(__f)(std::forward<_Args>(__args)...); }
    %%%%%:   61-block  0
------------------
_ZSt13__invoke_implIvZNSt8__detail9__variant17_Move_assign_baseILb0EJ15LeftLineCommand16RightLineCommandEEaSEOS5_EUlOT_T0_E_JRS4_St17integral_constantImLm1EEEES7_St14__invoke_otherOS9_DpOT1_:
    #####:   60:    __invoke_impl(__invoke_other, _Fn&& __f, _Args&&... __args)
    #####:   61:    { return std::forward<_Fn>(__f)(std::forward<_Args>(__args)...); }
    %%%%%:   61-block  0
------------------
_ZSt13__invoke_implINSt7__cxx1112basic_stringIcSt11char_traitsIcESaIcEEERNL11stringVisitMUlRKT_E_EJR12PointCommandEES6_St14__invoke_otherOT0_DpOT1_:
        1:   60:    __invoke_impl(__invoke_other, _Fn&& __f, _Args&&... __args)
        1:   61:    { return std::forward<_Fn>(__f)(std::forward<_Args>(__args)...); }
        1:   61-block  0
------------------
_ZSt13__invoke_implINSt7__cxx1112basic_stringIcSt11char_traitsIcESaIcEEERNL11stringVisitMUlRKT_E_EJR11MoveCommandEES6_St14__invoke_otherOT0_DpOT1_:
        1:   60:    __invoke_impl(__invoke_other, _Fn&& __f, _Args&&... __args)
        1:   61:    { return std::forward<_Fn>(__f)(std::forward<_Args>(__args)...); }
        1:   61-block  0
------------------
_ZSt13__invoke_implINSt7__cxx1112basic_stringIcSt11char_traitsIcESaIcEEERNL11stringVisitMUlRKT_E_EJR15LeftLineCommandEES6_St14__invoke_otherOT0_DpOT1_:
        1:   60:    __invoke_impl(__invoke_other, _Fn&& __f, _Args&&... __args)
        1:   61:    { return std::forward<_Fn>(__f)(std::forward<_Args>(__args)...); }
        1:   61-block  0
------------------
_ZSt13__invoke_implINSt7__cxx1112basic_stringIcSt11char_traitsIcESaIcEEERNL11stringVisitMUlRKT_E_EJR16RightLineCommandEES6_St14__invoke_otherOT0_DpOT1_:
        2:   60:    __invoke_impl(__invoke_other, _Fn&& __f, _Args&&... __args)
        2:   61:    { return std::forward<_Fn>(__f)(std::forward<_Args>(__args)...); }
        2:   61-block  0
------------------
_ZSt13__invoke_implIvZNSt8__detail9__variant19__variant_constructIJ15LeftLineCommand16RightLineCommandERNS1_15_Move_ctor_baseILb0EJS3_S4_EEES6_EEvOT0_OT1_EUlOT_E_JS4_EESC_St14__invoke_otherS9_DpOT1_:
        2:   60:    __invoke_impl(__invoke_other, _Fn&& __f, _Args&&... __args)
        2:   61:    { return std::forward<_Fn>(__f)(std::forward<_Args>(__args)...); }
        2:   61-block  0
------------------
_ZSt13__invoke_implIvZNSt8__detail9__variant19__variant_constructIJ12PointCommand11MoveCommandERNS1_15_Copy_ctor_baseILb0EJS3_S4_EEERKS6_EEvOT0_OT1_EUlOT_E_JNS1_16__variant_cookieEEESE_St14__invoke_otherSB_DpOT1_:
    #####:   60:    __invoke_impl(__invoke_other, _Fn&& __f, _Args&&... __args)
    #####:   61:    { return std::forward<_Fn>(__f)(std::forward<_Args>(__args)...); }
    %%%%%:   61-block  0
------------------
_ZSt13__invoke_implIvZNSt8__detail9__variant19__variant_constructIJ12PointCommand11MoveCommandERNS1_15_Copy_ctor_baseILb0EJS3_S4_EEERKS6_EEvOT0_OT1_EUlOT_E_JRKS4_EESE_St14__invoke_otherSB_DpOT1_:
        1:   60:    __invoke_impl(__invoke_other, _Fn&& __f, _Args&&... __args)
        1:   61:    { return std::forward<_Fn>(__f)(std::forward<_Args>(__args)...); }
        1:   61-block  0
------------------
_ZSt13__invoke_implIvZNSt8__detail9__variant19__variant_constructIJ15LeftLineCommand16RightLineCommandERNS1_15_Copy_ctor_baseILb0EJS3_S4_EEERKS6_EEvOT0_OT1_EUlOT_E_JRKS3_EESE_St14__invoke_otherSB_DpOT1_:
        1:   60:    __invoke_impl(__invoke_other, _Fn&& __f, _Args&&... __args)
        1:   61:    { return std::forward<_Fn>(__f)(std::forward<_Args>(__args)...); }
        1:   61-block  0
------------------
_ZSt13__invoke_implIvZNSt8__detail9__variant19__variant_constructIJ15LeftLineCommand16RightLineCommandERNS1_15_Copy_ctor_baseILb0EJS3_S4_EEERKS6_EEvOT0_OT1_EUlOT_E_JNS1_16__variant_cookieEEESE_St14__invoke_otherSB_DpOT1_:
    #####:   60:    __invoke_impl(__invoke_other, _Fn&& __f, _Args&&... __args)
    #####:   61:    { return std::forward<_Fn>(__f)(std::forward<_Args>(__args)...); }
    %%%%%:   61-block  0
------------------
_ZSt13__invoke_implIvZNSt8__detail9__variant19__variant_constructIJ15LeftLineCommand16RightLineCommandERNS1_15_Copy_ctor_baseILb0EJS3_S4_EEERKS6_EEvOT0_OT1_EUlOT_E_JRKS4_EESE_St14__invoke_otherSB_DpOT1_:
        2:   60:    __invoke_impl(__invoke_other, _Fn&& __f, _Args&&... __args)
        2:   61:    { return std::forward<_Fn>(__f)(std::forward<_Args>(__args)...); }
        2:   61-block  0
------------------
_ZSt13__invoke_implIvZNSt8__detail9__variant19__variant_constructIJ12PointCommand11MoveCommandERNS1_15_Move_ctor_baseILb0EJS3_S4_EEES6_EEvOT0_OT1_EUlOT_E_JS3_EESC_St14__invoke_otherS9_DpOT1_:
        1:   60:    __invoke_impl(__invoke_other, _Fn&& __f, _Args&&... __args)
        1:   61:    { return std::forward<_Fn>(__f)(std::forward<_Args>(__args)...); }
        1:   61-block  0
------------------
_ZSt13__invoke_implIvZNSt8__detail9__variant19__variant_constructIJ12PointCommand11MoveCommandERNS1_15_Move_ctor_baseILb0EJS3_S4_EEES6_EEvOT0_OT1_EUlOT_E_JNS1_16__variant_cookieEEESC_St14__invoke_otherS9_DpOT1_:
    #####:   60:    __invoke_impl(__invoke_other, _Fn&& __f, _Args&&... __args)
    #####:   61:    { return std::forward<_Fn>(__f)(std::forward<_Args>(__args)...); }
    %%%%%:   61-block  0
------------------
_ZSt13__invoke_implIvZNSt8__detail9__variant19__variant_constructIJ12PointCommand11MoveCommandERNS1_15_Move_ctor_baseILb0EJS3_S4_EEES6_EEvOT0_OT1_EUlOT_E_JS4_EESC_St14__invoke_otherS9_DpOT1_:
    #####:   60:    __invoke_impl(__invoke_other, _Fn&& __f, _Args&&... __args)
    #####:   61:    { return std::forward<_Fn>(__f)(std::forward<_Args>(__args)...); }
    %%%%%:   61-block  0
------------------
_ZSt13__invoke_implIvZNSt8__detail9__variant19__variant_constructIJ15LeftLineCommand16RightLineCommandERNS1_15_Move_ctor_baseILb0EJS3_S4_EEES6_EEvOT0_OT1_EUlOT_E_JS3_EESC_St14__invoke_otherS9_DpOT1_:
    #####:   60:    __invoke_impl(__invoke_other, _Fn&& __f, _Args&&... __args)
    #####:   61:    { return std::forward<_Fn>(__f)(std::forward<_Args>(__args)...); }
    %%%%%:   61-block  0
------------------
_ZSt13__invoke_implIvZNSt8__detail9__variant19__variant_constructIJ15LeftLineCommand16RightLineCommandERNS1_15_Move_ctor_baseILb0EJS3_S4_EEES6_EEvOT0_OT1_EUlOT_E_JNS1_16__variant_cookieEEESC_St14__invoke_otherS9_DpOT1_:
    #####:   60:    __invoke_impl(__invoke_other, _Fn&& __f, _Args&&... __args)
    #####:   61:    { return std::forward<_Fn>(__f)(std::forward<_Args>(__args)...); }
    %%%%%:   61-block  0
------------------
        -:   62:
        -:   63:  template<typename _Res, typename _MemFun, typename _Tp, typename... _Args>
        -:   64:    constexpr _Res
        -:   65:    __invoke_impl(__invoke_memfun_ref, _MemFun&& __f, _Tp&& __t,
        -:   66:		  _Args&&... __args)
        -:   67:    { return (__invfwd<_Tp>(__t).*__f)(std::forward<_Args>(__args)...); }
        -:   68:
        -:   69:  template<typename _Res, typename _MemFun, typename _Tp, typename... _Args>
        -:   70:    constexpr _Res
        -:   71:    __invoke_impl(__invoke_memfun_deref, _MemFun&& __f, _Tp&& __t,
        -:   72:		  _Args&&... __args)
        -:   73:    {
        -:   74:      return ((*std::forward<_Tp>(__t)).*__f)(std::forward<_Args>(__args)...);
        -:   75:    }
        -:   76:
        -:   77:  template<typename _Res, typename _MemPtr, typename _Tp>
        -:   78:    constexpr _Res
        -:   79:    __invoke_impl(__invoke_memobj_ref, _MemPtr&& __f, _Tp&& __t)
        -:   80:    { return __invfwd<_Tp>(__t).*__f; }
        -:   81:
        -:   82:  template<typename _Res, typename _MemPtr, typename _Tp>
        -:   83:    constexpr _Res
        -:   84:    __invoke_impl(__invoke_memobj_deref, _MemPtr&& __f, _Tp&& __t)
        -:   85:    { return (*std::forward<_Tp>(__t)).*__f; }
        -:   86:
        -:   87:  /// Invoke a callable object.
        -:   88:  template<typename _Callable, typename... _Args>
        -:   89:    constexpr typename __invoke_result<_Callable, _Args...>::type
      14*:   90:    __invoke(_Callable&& __fn, _Args&&... __args)
        -:   91:    noexcept(__is_nothrow_invocable<_Callable, _Args...>::value)
        -:   92:    {
        -:   93:      using __result = __invoke_result<_Callable, _Args...>;
        -:   94:      using __type = typename __result::type;
        -:   95:      using __tag = typename __result::__invoke_type;
       9*:   96:      return std::__invoke_impl<__type>(__tag{}, std::forward<_Callable>(__fn),
      14*:   97:					std::forward<_Args>(__args)...);
        -:   98:    }
------------------
_ZSt8__invokeIZNSt8__detail9__variant19__variant_constructIJ12PointCommand11MoveCommandERNS1_15_Copy_ctor_baseILb0EJS3_S4_EEERKS6_EEvOT0_OT1_EUlOT_E_JRKS4_EENSt15__invoke_resultISE_JDpT0_EE4typeESF_DpOSK_:
        1:   90:    __invoke(_Callable&& __fn, _Args&&... __args)
        -:   91:    noexcept(__is_nothrow_invocable<_Callable, _Args...>::value)
        -:   92:    {
        -:   93:      using __result = __invoke_result<_Callable, _Args...>;
        -:   94:      using __type = typename __result::type;
        -:   95:      using __tag = typename __result::__invoke_type;
        1:   96:      return std::__invoke_impl<__type>(__tag{}, std::forward<_Callable>(__fn),
        1:   96-block  0
        1:   97:					std::forward<_Args>(__args)...);
        -:   98:    }
------------------
_ZSt8__invokeIZNSt8__detail9__variant17_Move_assign_baseILb0EJ15LeftLineCommand16RightLineCommandEEaSEOS5_EUlOT_T0_E_JRS3_St17integral_constantImLm0EEEENSt15__invoke_resultIS7_JDpT0_EE4typeES8_DpOSF_:
        1:   90:    __invoke(_Callable&& __fn, _Args&&... __args)
        -:   91:    noexcept(__is_nothrow_invocable<_Callable, _Args...>::value)
        -:   92:    {
        -:   93:      using __result = __invoke_result<_Callable, _Args...>;
        -:   94:      using __type = typename __result::type;
        -:   95:      using __tag = typename __result::__invoke_type;
        1:   96:      return std::__invoke_impl<__type>(__tag{}, std::forward<_Callable>(__fn),
        1:   96-block  0
        1:   97:					std::forward<_Args>(__args)...);
        -:   98:    }
------------------
_ZSt8__invokeIZNSt8__detail9__variant17_Move_assign_baseILb0EJ15LeftLineCommand16RightLineCommandEEaSEOS5_EUlOT_T0_E_JNS1_16__variant_cookieESt17integral_constantImLm18446744073709551615EEEENSt15__invoke_resultIS7_JDpT0_EE4typeES8_DpOSF_:
    #####:   90:    __invoke(_Callable&& __fn, _Args&&... __args)
        -:   91:    noexcept(__is_nothrow_invocable<_Callable, _Args...>::value)
        -:   92:    {
        -:   93:      using __result = __invoke_result<_Callable, _Args...>;
        -:   94:      using __type = typename __result::type;
        -:   95:      using __tag = typename __result::__invoke_type;
    #####:   96:      return std::__invoke_impl<__type>(__tag{}, std::forward<_Callable>(__fn),
    %%%%%:   96-block  0
    #####:   97:					std::forward<_Args>(__args)...);
        -:   98:    }
------------------
_ZSt8__invokeIZNSt8__detail9__variant17_Move_assign_baseILb0EJ15LeftLineCommand16RightLineCommandEEaSEOS5_EUlOT_T0_E_JRS4_St17integral_constantImLm1EEEENSt15__invoke_resultIS7_JDpT0_EE4typeES8_DpOSF_:
    #####:   90:    __invoke(_Callable&& __fn, _Args&&... __args)
        -:   91:    noexcept(__is_nothrow_invocable<_Callable, _Args...>::value)
        -:   92:    {
        -:   93:      using __result = __invoke_result<_Callable, _Args...>;
        -:   94:      using __type = typename __result::type;
        -:   95:      using __tag = typename __result::__invoke_type;
    #####:   96:      return std::__invoke_impl<__type>(__tag{}, std::forward<_Callable>(__fn),
    %%%%%:   96-block  0
    #####:   97:					std::forward<_Args>(__args)...);
        -:   98:    }
------------------
_ZSt8__invokeIRNL11stringVisitMUlRKT_E_EJR12PointCommandEENSt15__invoke_resultIS0_JDpT0_EE4typeEOS0_DpOS8_:
        1:   90:    __invoke(_Callable&& __fn, _Args&&... __args)
        -:   91:    noexcept(__is_nothrow_invocable<_Callable, _Args...>::value)
        -:   92:    {
        -:   93:      using __result = __invoke_result<_Callable, _Args...>;
        -:   94:      using __type = typename __result::type;
        -:   95:      using __tag = typename __result::__invoke_type;
        -:   96:      return std::__invoke_impl<__type>(__tag{}, std::forward<_Callable>(__fn),
        1:   97:					std::forward<_Args>(__args)...);
        1:   97-block  0
        -:   98:    }
------------------
_ZSt8__invokeIRNL11stringVisitMUlRKT_E_EJR11MoveCommandEENSt15__invoke_resultIS0_JDpT0_EE4typeEOS0_DpOS8_:
        1:   90:    __invoke(_Callable&& __fn, _Args&&... __args)
        -:   91:    noexcept(__is_nothrow_invocable<_Callable, _Args...>::value)
        -:   92:    {
        -:   93:      using __result = __invoke_result<_Callable, _Args...>;
        -:   94:      using __type = typename __result::type;
        -:   95:      using __tag = typename __result::__invoke_type;
        -:   96:      return std::__invoke_impl<__type>(__tag{}, std::forward<_Callable>(__fn),
        1:   97:					std::forward<_Args>(__args)...);
        1:   97-block  0
        -:   98:    }
------------------
_ZSt8__invokeIRNL11stringVisitMUlRKT_E_EJR15LeftLineCommandEENSt15__invoke_resultIS0_JDpT0_EE4typeEOS0_DpOS8_:
        1:   90:    __invoke(_Callable&& __fn, _Args&&... __args)
        -:   91:    noexcept(__is_nothrow_invocable<_Callable, _Args...>::value)
        -:   92:    {
        -:   93:      using __result = __invoke_result<_Callable, _Args...>;
        -:   94:      using __type = typename __result::type;
        -:   95:      using __tag = typename __result::__invoke_type;
        -:   96:      return std::__invoke_impl<__type>(__tag{}, std::forward<_Callable>(__fn),
        1:   97:					std::forward<_Args>(__args)...);
        1:   97-block  0
        -:   98:    }
------------------
_ZSt8__invokeIRNL11stringVisitMUlRKT_E_EJR16RightLineCommandEENSt15__invoke_resultIS0_JDpT0_EE4typeEOS0_DpOS8_:
        2:   90:    __invoke(_Callable&& __fn, _Args&&... __args)
        -:   91:    noexcept(__is_nothrow_invocable<_Callable, _Args...>::value)
        -:   92:    {
        -:   93:      using __result = __invoke_result<_Callable, _Args...>;
        -:   94:      using __type = typename __result::type;
        -:   95:      using __tag = typename __result::__invoke_type;
        -:   96:      return std::__invoke_impl<__type>(__tag{}, std::forward<_Callable>(__fn),
        2:   97:					std::forward<_Args>(__args)...);
        2:   97-block  0
        -:   98:    }
------------------
_ZSt8__invokeIZNSt8__detail9__variant19__variant_constructIJ12PointCommand11MoveCommandERNS1_15_Copy_ctor_baseILb0EJS3_S4_EEERKS6_EEvOT0_OT1_EUlOT_E_JRKS3_EENSt15__invoke_resultISE_JDpT0_EE4typeESF_DpOSK_:
        1:   90:    __invoke(_Callable&& __fn, _Args&&... __args)
        -:   91:    noexcept(__is_nothrow_invocable<_Callable, _Args...>::value)
        -:   92:    {
        -:   93:      using __result = __invoke_result<_Callable, _Args...>;
        -:   94:      using __type = typename __result::type;
        -:   95:      using __tag = typename __result::__invoke_type;
        1:   96:      return std::__invoke_impl<__type>(__tag{}, std::forward<_Callable>(__fn),
        1:   96-block  0
        1:   97:					std::forward<_Args>(__args)...);
        -:   98:    }
------------------
_ZSt8__invokeIZNSt8__detail9__variant19__variant_constructIJ12PointCommand11MoveCommandERNS1_15_Copy_ctor_baseILb0EJS3_S4_EEERKS6_EEvOT0_OT1_EUlOT_E_JNS1_16__variant_cookieEEENSt15__invoke_resultISE_JDpT0_EE4typeESF_DpOSJ_:
    #####:   90:    __invoke(_Callable&& __fn, _Args&&... __args)
        -:   91:    noexcept(__is_nothrow_invocable<_Callable, _Args...>::value)
        -:   92:    {
        -:   93:      using __result = __invoke_result<_Callable, _Args...>;
        -:   94:      using __type = typename __result::type;
        -:   95:      using __tag = typename __result::__invoke_type;
    #####:   96:      return std::__invoke_impl<__type>(__tag{}, std::forward<_Callable>(__fn),
    %%%%%:   96-block  0
    #####:   97:					std::forward<_Args>(__args)...);
        -:   98:    }
------------------
_ZSt8__invokeIZNSt8__detail9__variant19__variant_constructIJ15LeftLineCommand16RightLineCommandERNS1_15_Move_ctor_baseILb0EJS3_S4_EEES6_EEvOT0_OT1_EUlOT_E_JS4_EENSt15__invoke_resultISC_JDpT0_EE4typeESD_DpOSG_:
        2:   90:    __invoke(_Callable&& __fn, _Args&&... __args)
        -:   91:    noexcept(__is_nothrow_invocable<_Callable, _Args...>::value)
        -:   92:    {
        -:   93:      using __result = __invoke_result<_Callable, _Args...>;
        -:   94:      using __type = typename __result::type;
        -:   95:      using __tag = typename __result::__invoke_type;
        2:   96:      return std::__invoke_impl<__type>(__tag{}, std::forward<_Callable>(__fn),
        2:   96-block  0
        2:   97:					std::forward<_Args>(__args)...);
        -:   98:    }
------------------
_ZSt8__invokeIZNSt8__detail9__variant19__variant_constructIJ15LeftLineCommand16RightLineCommandERNS1_15_Copy_ctor_baseILb0EJS3_S4_EEERKS6_EEvOT0_OT1_EUlOT_E_JRKS3_EENSt15__invoke_resultISE_JDpT0_EE4typeESF_DpOSK_:
        1:   90:    __invoke(_Callable&& __fn, _Args&&... __args)
        -:   91:    noexcept(__is_nothrow_invocable<_Callable, _Args...>::value)
        -:   92:    {
        -:   93:      using __result = __invoke_result<_Callable, _Args...>;
        -:   94:      using __type = typename __result::type;
        -:   95:      using __tag = typename __result::__invoke_type;
        1:   96:      return std::__invoke_impl<__type>(__tag{}, std::forward<_Callable>(__fn),
        1:   96-block  0
        1:   97:					std::forward<_Args>(__args)...);
        -:   98:    }
------------------
_ZSt8__invokeIZNSt8__detail9__variant19__variant_constructIJ15LeftLineCommand16RightLineCommandERNS1_15_Copy_ctor_baseILb0EJS3_S4_EEERKS6_EEvOT0_OT1_EUlOT_E_JNS1_16__variant_cookieEEENSt15__invoke_resultISE_JDpT0_EE4typeESF_DpOSJ_:
    #####:   90:    __invoke(_Callable&& __fn, _Args&&... __args)
        -:   91:    noexcept(__is_nothrow_invocable<_Callable, _Args...>::value)
        -:   92:    {
        -:   93:      using __result = __invoke_result<_Callable, _Args...>;
        -:   94:      using __type = typename __result::type;
        -:   95:      using __tag = typename __result::__invoke_type;
    #####:   96:      return std::__invoke_impl<__type>(__tag{}, std::forward<_Callable>(__fn),
    %%%%%:   96-block  0
    #####:   97:					std::forward<_Args>(__args)...);
        -:   98:    }
------------------
_ZSt8__invokeIZNSt8__detail9__variant19__variant_constructIJ15LeftLineCommand16RightLineCommandERNS1_15_Copy_ctor_baseILb0EJS3_S4_EEERKS6_EEvOT0_OT1_EUlOT_E_JRKS4_EENSt15__invoke_resultISE_JDpT0_EE4typeESF_DpOSK_:
        2:   90:    __invoke(_Callable&& __fn, _Args&&... __args)
        -:   91:    noexcept(__is_nothrow_invocable<_Callable, _Args...>::value)
        -:   92:    {
        -:   93:      using __result = __invoke_result<_Callable, _Args...>;
        -:   94:      using __type = typename __result::type;
        -:   95:      using __tag = typename __result::__invoke_type;
        2:   96:      return std::__invoke_impl<__type>(__tag{}, std::forward<_Callable>(__fn),
        2:   96-block  0
        2:   97:					std::forward<_Args>(__args)...);
        -:   98:    }
------------------
_ZSt8__invokeIZNSt8__detail9__variant19__variant_constructIJ12PointCommand11MoveCommandERNS1_15_Move_ctor_baseILb0EJS3_S4_EEES6_EEvOT0_OT1_EUlOT_E_JS3_EENSt15__invoke_resultISC_JDpT0_EE4typeESD_DpOSG_:
        1:   90:    __invoke(_Callable&& __fn, _Args&&... __args)
        -:   91:    noexcept(__is_nothrow_invocable<_Callable, _Args...>::value)
        -:   92:    {
        -:   93:      using __result = __invoke_result<_Callable, _Args...>;
        -:   94:      using __type = typename __result::type;
        -:   95:      using __tag = typename __result::__invoke_type;
        1:   96:      return std::__invoke_impl<__type>(__tag{}, std::forward<_Callable>(__fn),
        1:   96-block  0
        1:   97:					std::forward<_Args>(__args)...);
        -:   98:    }
------------------
_ZSt8__invokeIZNSt8__detail9__variant19__variant_constructIJ12PointCommand11MoveCommandERNS1_15_Move_ctor_baseILb0EJS3_S4_EEES6_EEvOT0_OT1_EUlOT_E_JNS1_16__variant_cookieEEENSt15__invoke_resultISC_JDpT0_EE4typeESD_DpOSH_:
    #####:   90:    __invoke(_Callable&& __fn, _Args&&... __args)
        -:   91:    noexcept(__is_nothrow_invocable<_Callable, _Args...>::value)
        -:   92:    {
        -:   93:      using __result = __invoke_result<_Callable, _Args...>;
        -:   94:      using __type = typename __result::type;
        -:   95:      using __tag = typename __result::__invoke_type;
    #####:   96:      return std::__invoke_impl<__type>(__tag{}, std::forward<_Callable>(__fn),
    %%%%%:   96-block  0
    #####:   97:					std::forward<_Args>(__args)...);
        -:   98:    }
------------------
_ZSt8__invokeIZNSt8__detail9__variant19__variant_constructIJ12PointCommand11MoveCommandERNS1_15_Move_ctor_baseILb0EJS3_S4_EEES6_EEvOT0_OT1_EUlOT_E_JS4_EENSt15__invoke_resultISC_JDpT0_EE4typeESD_DpOSG_:
    #####:   90:    __invoke(_Callable&& __fn, _Args&&... __args)
        -:   91:    noexcept(__is_nothrow_invocable<_Callable, _Args...>::value)
        -:   92:    {
        -:   93:      using __result = __invoke_result<_Callable, _Args...>;
        -:   94:      using __type = typename __result::type;
        -:   95:      using __tag = typename __result::__invoke_type;
    #####:   96:      return std::__invoke_impl<__type>(__tag{}, std::forward<_Callable>(__fn),
    %%%%%:   96-block  0
    #####:   97:					std::forward<_Args>(__args)...);
        -:   98:    }
------------------
_ZSt8__invokeIZNSt8__detail9__variant19__variant_constructIJ15LeftLineCommand16RightLineCommandERNS1_15_Move_ctor_baseILb0EJS3_S4_EEES6_EEvOT0_OT1_EUlOT_E_JS3_EENSt15__invoke_resultISC_JDpT0_EE4typeESD_DpOSG_:
    #####:   90:    __invoke(_Callable&& __fn, _Args&&... __args)
        -:   91:    noexcept(__is_nothrow_invocable<_Callable, _Args...>::value)
        -:   92:    {
        -:   93:      using __result = __invoke_result<_Callable, _Args...>;
        -:   94:      using __type = typename __result::type;
        -:   95:      using __tag = typename __result::__invoke_type;
    #####:   96:      return std::__invoke_impl<__type>(__tag{}, std::forward<_Callable>(__fn),
    %%%%%:   96-block  0
    #####:   97:					std::forward<_Args>(__args)...);
        -:   98:    }
------------------
_ZSt8__invokeIZNSt8__detail9__variant19__variant_constructIJ15LeftLineCommand16RightLineCommandERNS1_15_Move_ctor_baseILb0EJS3_S4_EEES6_EEvOT0_OT1_EUlOT_E_JNS1_16__variant_cookieEEENSt15__invoke_resultISC_JDpT0_EE4typeESD_DpOSH_:
    #####:   90:    __invoke(_Callable&& __fn, _Args&&... __args)
        -:   91:    noexcept(__is_nothrow_invocable<_Callable, _Args...>::value)
        -:   92:    {
        -:   93:      using __result = __invoke_result<_Callable, _Args...>;
        -:   94:      using __type = typename __result::type;
        -:   95:      using __tag = typename __result::__invoke_type;
    #####:   96:      return std::__invoke_impl<__type>(__tag{}, std::forward<_Callable>(__fn),
    %%%%%:   96-block  0
    #####:   97:					std::forward<_Args>(__args)...);
        -:   98:    }
------------------
        -:   99:
        -:  100:#if __cplusplus >= 201703L
        -:  101:  // INVOKE<R>: Invoke a callable object and convert the result to R.
        -:  102:  template<typename _Res, typename _Callable, typename... _Args>
        -:  103:    constexpr enable_if_t<is_invocable_r_v<_Res, _Callable, _Args...>, _Res>
       26:  104:    __invoke_r(_Callable&& __fn, _Args&&... __args)
        -:  105:    noexcept(is_nothrow_invocable_r_v<_Res, _Callable, _Args...>)
        -:  106:    {
        -:  107:      using __result = __invoke_result<_Callable, _Args...>;
        -:  108:      using __type = typename __result::type;
        -:  109:      using __tag = typename __result::__invoke_type;
        -:  110:      if constexpr (is_void_v<_Res>)
       26:  111:	std::__invoke_impl<__type>(__tag{}, std::forward<_Callable>(__fn),
        -:  112:					std::forward<_Args>(__args)...);
        -:  113:      else
        -:  114:	return std::__invoke_impl<__type>(__tag{},
        -:  115:					  std::forward<_Callable>(__fn),
        -:  116:					  std::forward<_Args>(__args)...);
       26:  117:    }
------------------
_ZSt10__invoke_rIvZNSt8__detail9__variant16_Variant_storageILb0EJ12PointCommand11MoveCommandEE8_M_resetEvEUlOT_E_JRS4_EENSt9enable_ifIX16is_invocable_r_vIS6_T0_DpT1_EES6_E4typeEOSB_DpOSC_:
        4:  104:    __invoke_r(_Callable&& __fn, _Args&&... __args)
        -:  105:    noexcept(is_nothrow_invocable_r_v<_Res, _Callable, _Args...>)
        -:  106:    {
        -:  107:      using __result = __invoke_result<_Callable, _Args...>;
        -:  108:      using __type = typename __result::type;
        -:  109:      using __tag = typename __result::__invoke_type;
        -:  110:      if constexpr (is_void_v<_Res>)
        4:  111:	std::__invoke_impl<__type>(__tag{}, std::forward<_Callable>(__fn),
        4:  111-block  0
        -:  112:					std::forward<_Args>(__args)...);
        -:  113:      else
        -:  114:	return std::__invoke_impl<__type>(__tag{},
        -:  115:					  std::forward<_Callable>(__fn),
        -:  116:					  std::forward<_Args>(__args)...);
        4:  117:    }
------------------
_ZSt10__invoke_rIvZNSt8__detail9__variant16_Variant_storageILb0EJ12PointCommand11MoveCommandEE8_M_resetEvEUlOT_E_JRS3_EENSt9enable_ifIX16is_invocable_r_vIS6_T0_DpT1_EES6_E4typeEOSB_DpOSC_:
        6:  104:    __invoke_r(_Callable&& __fn, _Args&&... __args)
        -:  105:    noexcept(is_nothrow_invocable_r_v<_Res, _Callable, _Args...>)
        -:  106:    {
        -:  107:      using __result = __invoke_result<_Callable, _Args...>;
        -:  108:      using __type = typename __result::type;
        -:  109:      using __tag = typename __result::__invoke_type;
        -:  110:      if constexpr (is_void_v<_Res>)
        6:  111:	std::__invoke_impl<__type>(__tag{}, std::forward<_Callable>(__fn),
        6:  111-block  0
        -:  112:					std::forward<_Args>(__args)...);
        -:  113:      else
        -:  114:	return std::__invoke_impl<__type>(__tag{},
        -:  115:					  std::forward<_Callable>(__fn),
        -:  116:					  std::forward<_Args>(__args)...);
        6:  117:    }
------------------
_ZSt10__invoke_rIvZNSt8__detail9__variant16_Variant_storageILb0EJ15LeftLineCommand16RightLineCommandEE8_M_resetEvEUlOT_E_JRS4_EENSt9enable_ifIX16is_invocable_r_vIS6_T0_DpT1_EES6_E4typeEOSB_DpOSC_:
        9:  104:    __invoke_r(_Callable&& __fn, _Args&&... __args)
        -:  105:    noexcept(is_nothrow_invocable_r_v<_Res, _Callable, _Args...>)
        -:  106:    {
        -:  107:      using __result = __invoke_result<_Callable, _Args...>;
        -:  108:      using __type = typename __result::type;
        -:  109:      using __tag = typename __result::__invoke_type;
        -:  110:      if constexpr (is_void_v<_Res>)
        9:  111:	std::__invoke_impl<__type>(__tag{}, std::forward<_Callable>(__fn),
        9:  111-block  0
        -:  112:					std::forward<_Args>(__args)...);
        -:  113:      else
        -:  114:	return std::__invoke_impl<__type>(__tag{},
        -:  115:					  std::forward<_Callable>(__fn),
        -:  116:					  std::forward<_Args>(__args)...);
        9:  117:    }
------------------
_ZSt10__invoke_rIvZNSt8__detail9__variant16_Variant_storageILb0EJ15LeftLineCommand16RightLineCommandEE8_M_resetEvEUlOT_E_JRS3_EENSt9enable_ifIX16is_invocable_r_vIS6_T0_DpT1_EES6_E4typeEOSB_DpOSC_:
        7:  104:    __invoke_r(_Callable&& __fn, _Args&&... __args)
        -:  105:    noexcept(is_nothrow_invocable_r_v<_Res, _Callable, _Args...>)
        -:  106:    {
        -:  107:      using __result = __invoke_result<_Callable, _Args...>;
        -:  108:      using __type = typename __result::type;
        -:  109:      using __tag = typename __result::__invoke_type;
        -:  110:      if constexpr (is_void_v<_Res>)
        7:  111:	std::__invoke_impl<__type>(__tag{}, std::forward<_Callable>(__fn),
        7:  111-block  0
        -:  112:					std::forward<_Args>(__args)...);
        -:  113:      else
        -:  114:	return std::__invoke_impl<__type>(__tag{},
        -:  115:					  std::forward<_Callable>(__fn),
        -:  116:					  std::forward<_Args>(__args)...);
        7:  117:    }
------------------
        -:  118:#else // C++11
        -:  119:  template<typename _Res, typename _Callable, typename... _Args>
        -:  120:    using __can_invoke_as_void = __enable_if_t<
        -:  121:      __and_<is_void<_Res>, __is_invocable<_Callable, _Args...>>::value,
        -:  122:      _Res
        -:  123:    >;
        -:  124:
        -:  125:  template<typename _Res, typename _Callable, typename... _Args>
        -:  126:    using __can_invoke_as_nonvoid = __enable_if_t<
        -:  127:      __and_<__not_<is_void<_Res>>,
        -:  128:	     is_convertible<typename __invoke_result<_Callable, _Args...>::type,
        -:  129:			    _Res>
        -:  130:      >::value,
        -:  131:      _Res
        -:  132:    >;
        -:  133:
        -:  134:  // INVOKE<R>: Invoke a callable object and convert the result to R.
        -:  135:  template<typename _Res, typename _Callable, typename... _Args>
        -:  136:    constexpr __can_invoke_as_nonvoid<_Res, _Callable, _Args...>
        -:  137:    __invoke_r(_Callable&& __fn, _Args&&... __args)
        -:  138:    {
        -:  139:      using __result = __invoke_result<_Callable, _Args...>;
        -:  140:      using __type = typename __result::type;
        -:  141:      using __tag = typename __result::__invoke_type;
        -:  142:      return std::__invoke_impl<__type>(__tag{}, std::forward<_Callable>(__fn),
        -:  143:					std::forward<_Args>(__args)...);
        -:  144:    }
        -:  145:
        -:  146:  // INVOKE<R> when R is cv void
        -:  147:  template<typename _Res, typename _Callable, typename... _Args>
        -:  148:    _GLIBCXX14_CONSTEXPR __can_invoke_as_void<_Res, _Callable, _Args...>
        -:  149:    __invoke_r(_Callable&& __fn, _Args&&... __args)
        -:  150:    {
        -:  151:      using __result = __invoke_result<_Callable, _Args...>;
        -:  152:      using __type = typename __result::type;
        -:  153:      using __tag = typename __result::__invoke_type;
        -:  154:      std::__invoke_impl<__type>(__tag{}, std::forward<_Callable>(__fn),
        -:  155:				 std::forward<_Args>(__args)...);
        -:  156:    }
        -:  157:#endif // C++11
        -:  158:
        -:  159:_GLIBCXX_END_NAMESPACE_VERSION
        -:  160:} // namespace std
        -:  161:
        -:  162:#endif // C++11
        -:  163:
        -:  164:#endif // _GLIBCXX_INVOKE_H
