        -:    0:Source:/home/kacper/Pulpit/zpr_eps/src/GraphicCommands.h
        -:    0:Graph:/home/kacper/Pulpit/zpr_eps/cmake-build-debug-coverage/src/CMakeFiles/EPSFileTools.dir/EPSFileTools.cc.gcno
        -:    0:Data:/home/kacper/Pulpit/zpr_eps/cmake-build-debug-coverage/src/CMakeFiles/EPSFileTools.dir/EPSFileTools.cc.gcda
        -:    0:Runs:1
        -:    1://
        -:    2:// Created by kacper on 04.11.2022.
        -:    3:// File contains classes representing Processable Graphic Commands - the ones
        -:    4:// which we will try to compress
        -:    5://
        -:    6:
        -:    7:#ifndef ZPR_GRAPHICCOMMANDS_H
        -:    8:#define ZPR_GRAPHICCOMMANDS_H
        -:    9:#include "EPSCommandRepresentation.h"
        -:   10:#include <optional>
        -:   11:#include <variant>
        -:   12:
        -:   13:class LeftLineCommand;
        -:   14:class RightLineCommand;
        -:   15:class PointCommand;
        -:   16:class MoveCommand;
        -:   17:
        -:   18:
        -:   19:class RelativeCommand : public ProcessableCommand {
        -:   20:public:
    #####:   21:    RelativeCommand(const Direction &move) : ProcessableCommand(move) {}
    %%%%%:   21-block  0
        -:   22:    virtual std::string toString() const override = 0;
        -:   23:};
        -:   24:
        -:   25:class AbsoluteCommand : public ProcessableCommand {
        -:   26:public:
    #####:   27:    AbsoluteCommand(const Coordinates &move) : ProcessableCommand(move) {}
    %%%%%:   27-block  0
        -:   28:    virtual std::string toString() const override = 0;
        -:   29:};
        -:   30:
        -:   31:class LeftLineCommand : public RelativeCommand {
        -:   32:public:
    #####:   33:    LeftLineCommand(const Direction &move) : RelativeCommand(move) {}
    %%%%%:   33-block  0
        -:   34:    virtual std::string toString() const override;
        -:   35:
        -:   36:};
        -:   37:
        -:   38:class RightLineCommand : public RelativeCommand {
        -:   39:public:
    #####:   40:    RightLineCommand(const Direction &move) : RelativeCommand(move) {}
    %%%%%:   40-block  0
        -:   41:    virtual std::string toString() const override;
        -:   42:
        -:   43:};
        -:   44:
        -:   45:class PointCommand : public AbsoluteCommand {
        -:   46:public:
    #####:   47:    PointCommand(const Coordinates &coord) : AbsoluteCommand(coord) {}
    %%%%%:   47-block  0
        -:   48:    virtual std::string toString() const override;
        -:   49:};
        -:   50:
        -:   51:class MoveCommand : public AbsoluteCommand {
        -:   52:public:
    #####:   53:    MoveCommand(const Coordinates & coord) : AbsoluteCommand(coord) {}
    %%%%%:   53-block  0
        -:   54:    virtual std::string toString() const override;
        -:   55:};
        -:   56:
        -:   57:using RelativeCommandVar = std::variant<LeftLineCommand, RightLineCommand>;
        -:   58:using AbsoluteCommandVar = std::variant<PointCommand, MoveCommand>;
        -:   59:
        -:   60:
        -:   61:/*
        -:   62: * visitor functions
        -:   63: */
        -:   64:extern const double MAX_DIFFERENCE;
        -:   65:double countDifference(const LeftLineCommand & ll1, const LeftLineCommand & ll2);
        -:   66:double countDifference(const LeftLineCommand & ll1, const RightLineCommand & rl2);
        -:   67:double countDifference(const RightLineCommand & rl1, const LeftLineCommand & ll2);
        -:   68:double countDifference(const RightLineCommand & rl1, const RightLineCommand & rl2);
        -:   69:
        -:   70:double countDifference(const PointCommand & p1, const PointCommand & p2);
        -:   71:double countDifference(const PointCommand & p1, const MoveCommand & m2);
        -:   72:double countDifference(const MoveCommand & m1, const PointCommand & p2);
        -:   73:double countDifference(const MoveCommand & m1, const MoveCommand & m2);
        -:   74:
        -:   75:RelativeCommandVar createMidpoint(const LeftLineCommand & ll1, const LeftLineCommand & ll2);
        -:   76:RelativeCommandVar createMidpoint(const LeftLineCommand & ll1, const RightLineCommand & rl2);
        -:   77:RelativeCommandVar createMidpoint(const RightLineCommand & rl1, const LeftLineCommand & ll2);
        -:   78:RelativeCommandVar createMidpoint(const RightLineCommand & rl1, const RightLineCommand & rl2);
        -:   79:
        -:   80:AbsoluteCommandVar createMidpoint(const PointCommand & p1, const PointCommand & p2);
        -:   81:AbsoluteCommandVar createMidpoint(const PointCommand & p1, const MoveCommand & m2);
        -:   82:AbsoluteCommandVar createMidpoint(const MoveCommand & m1, const PointCommand & p2);
        -:   83:AbsoluteCommandVar createMidpoint(const MoveCommand & m1, const MoveCommand & m2);
        -:   84:
        -:   85:
        -:   86:
        -:   87:#endif // ZPR_GRAPHICCOMMANDS_H
