        -:    0:Source:/home/kacper/Pulpit/zpr_eps/src/Scalar2DRepresentation.h
        -:    0:Graph:/home/kacper/Pulpit/zpr_eps/cmake-build-debug-coverage/tests/CMakeFiles/Scalar2DRepresentationTest.dir/Scalar2DRepresentationTest.cc.gcno
        -:    0:Data:/home/kacper/Pulpit/zpr_eps/cmake-build-debug-coverage/tests/CMakeFiles/Scalar2DRepresentationTest.dir/Scalar2DRepresentationTest.cc.gcda
        -:    0:Runs:1
        -:    1://
        -:    2:// Created by kacper on 04.11.2022.
        -:    3:// File contains classes representing entity from linear algebra having two
        -:    4:// values - (x,y)
        -:    5://
        -:    6:
        -:    7:#ifndef ZPR_SCALAR2DREPRESENTATION_H
        -:    8:#define ZPR_SCALAR2DREPRESENTATION_H
        -:    9:#include <iostream>
        -:   10:
        -:   11:class CoordinateValue {
        -:   12:    double x_, y_;
        -:   13:public:
       60:   14:    CoordinateValue(double x, double y) : x_(x), y_(y) {}
        -:   15:    std::string toString() const;
       83:   16:    double getX() const { return x_; }
       83:   16-block  0
       83:   17:    double getY() const { return y_; }
       83:   17-block  0
        1:   18:    void setX(double new_x) { x_ = new_x; }
        1:   19:    void setY(double new_y) { y_ = new_y; }
        -:   20:    CoordinateValue operator+(const CoordinateValue &d) const;
        -:   21:    CoordinateValue operator-(const CoordinateValue &d) const;
        -:   22:    CoordinateValue operator/(double div) const;
        -:   23:    CoordinateValue operator*(double scale) const;
        -:   24:};
        -:   25:
        -:   26:using Direction = CoordinateValue;
        -:   27:using Coordinates = CoordinateValue;
        -:   28:
        -:   29:class Resolution {
        -:   30:    unsigned x_;
        -:   31:    unsigned y_;
        -:   32:public:
        8:   33:  Resolution(unsigned int x, unsigned int y) : x_(x), y_(y) {}
        7:   34:    unsigned getX() const { return x_; }
        7:   34-block  0
        7:   35:    unsigned getY() const { return y_; }
        7:   35-block  0
        1:   36:    void setX(unsigned new_x) { x_ = new_x; }
        1:   37:    void setY(unsigned new_y) { y_ = new_y; }
        -:   38:  std::string toString() const;
        -:   39:  Resolution operator*(double scale) const;
        -:   40:
        -:   41:};
        -:   42:std::ostream &operator<<(std::ostream &os, const Resolution & res);
        -:   43:std::ostream &operator<<(std::ostream &os, const CoordinateValue & cv);
        -:   44:
        -:   45:double length(const Direction &d);
        -:   46:Direction normalizeDirection(const Direction &d);
        -:   47:double getDirectionAngle(const Direction &d);
        -:   48:/*
        -:   49: * Function projects first Direction on the extension of first Direction
        -:   50: *  and counts the height of the projection in the farthest point
        -:   51: */
        -:   52:double countDistanceBetweenConjoinedDirections(const Direction &d1,
        -:   53:                                               const Direction &d2);
        -:   54:#endif // ZPR_SCALAR2DREPRESENTATION_H
